TN:
SF:service/configs/apiconfig.ts
FNF:0
FNH:0
DA:1,0
DA:3,0
DA:5,0
DA:6,0
DA:7,0
DA:9,0
DA:18,0
LF:7
LH:0
BRF:0
BRH:0
end_of_record
TN:
SF:service/configs/bull-board.config.ts
FNF:0
FNH:0
DA:1,0
DA:2,0
DA:3,0
DA:4,0
DA:31,0
DA:32,0
DA:35,0
LF:7
LH:0
BRF:0
BRH:0
end_of_record
TN:
SF:service/configs/corsconfig.ts
FNF:0
FNH:0
DA:1,0
DA:2,0
DA:4,0
DA:8,0
DA:24,0
LF:5
LH:0
BRF:0
BRH:0
end_of_record
TN:
SF:service/configs/ormconfig.ts
FNF:0
FNH:0
DA:1,2
DA:2,2
DA:3,2
DA:4,2
DA:5,2
DA:6,2
DA:7,2
DA:8,2
DA:9,2
DA:10,2
DA:11,2
DA:12,2
DA:13,2
DA:14,2
DA:15,2
DA:16,2
DA:17,2
DA:18,2
DA:19,2
DA:20,2
DA:21,2
DA:22,2
DA:23,2
DA:24,2
DA:25,2
DA:26,2
DA:27,2
DA:28,2
DA:29,2
DA:30,2
DA:31,2
DA:33,2
DA:35,2
DA:44,2
DA:96,2
LF:35
LH:35
BRDA:41,0,0,0
BRDA:41,0,1,2
BRDA:51,1,0,0
BRDA:51,1,1,2
BRF:4
BRH:2
end_of_record
TN:
SF:service/configs/queue.config.ts
FN:69,checkQueueHealth
FN:85,closeQueues
FNF:2
FNH:0
FNDA:0,checkQueueHealth
FNDA:0,closeQueues
DA:1,0
DA:2,0
DA:4,0
DA:14,0
DA:20,0
DA:44,0
DA:60,0
DA:69,0
DA:70,0
DA:71,0
DA:72,0
DA:73,0
DA:74,0
DA:76,0
DA:77,0
DA:85,0
DA:86,0
DA:87,0
DA:88,0
LF:19
LH:0
BRDA:14,0,0,0
BRDA:14,0,1,0
BRF:2
BRH:0
end_of_record
TN:
SF:service/controllers/auth.controller.ts
FN:18,(anonymous_8)
FN:116,(anonymous_16)
FN:172,(anonymous_24)
FNF:3
FNH:0
FNDA:0,(anonymous_8)
FNDA:0,(anonymous_16)
FNDA:0,(anonymous_24)
DA:2,0
DA:3,0
DA:19,0
DA:20,0
DA:22,0
DA:24,0
DA:25,0
DA:35,0
DA:37,0
DA:39,0
DA:42,0
DA:43,0
DA:44,0
DA:45,0
DA:48,0
DA:50,0
DA:67,0
DA:68,0
DA:81,0
DA:87,0
DA:89,0
DA:106,0
DA:117,0
DA:118,0
DA:119,0
DA:121,0
DA:122,0
DA:131,0
DA:133,0
DA:134,0
DA:143,0
DA:163,0
DA:173,0
DA:180,0
LF:34
LH:0
BRDA:24,0,0,0
BRDA:24,1,0,0
BRDA:24,1,1,0
BRDA:37,2,0,0
BRDA:37,3,0,0
BRDA:37,3,1,0
BRDA:42,4,0,0
BRDA:67,5,0,0
BRDA:121,6,0,0
BRDA:133,7,0,0
BRF:10
BRH:0
end_of_record
TN:
SF:service/controllers/controller.ts
FN:12,(anonymous_0)
FN:28,(anonymous_1)
FNF:2
FNH:0
FNDA:0,(anonymous_0)
FNDA:0,(anonymous_1)
DA:13,0
DA:20,0
DA:29,0
DA:30,0
DA:32,0
DA:39,0
DA:40,0
DA:41,0
DA:42,0
DA:43,0
DA:44,0
DA:45,0
DA:46,0
DA:47,0
DA:48,0
DA:51,0
LF:16
LH:0
BRDA:17,0,0,0
BRDA:17,0,1,0
BRDA:29,1,0,0
BRDA:29,1,1,0
BRF:4
BRH:0
end_of_record
TN:
SF:service/controllers/dashboard.controller.ts
FN:20,(anonymous_8)
FN:108,(anonymous_16)
FN:110,(anonymous_17)
FN:138,(anonymous_18)
FN:162,(anonymous_19)
FN:216,(anonymous_27)
FN:273,(anonymous_35)
FNF:7
FNH:0
FNDA:0,(anonymous_8)
FNDA:0,(anonymous_16)
FNDA:0,(anonymous_17)
FNDA:0,(anonymous_18)
FNDA:0,(anonymous_19)
FNDA:0,(anonymous_27)
FNDA:0,(anonymous_35)
DA:2,0
DA:3,0
DA:4,0
DA:5,0
DA:6,0
DA:21,0
DA:22,0
DA:23,0
DA:24,0
DA:25,0
DA:27,0
DA:29,0
DA:30,0
DA:40,0
DA:42,0
DA:43,0
DA:53,0
DA:55,0
DA:56,0
DA:66,0
DA:69,0
DA:71,0
DA:72,0
DA:73,0
DA:77,0
DA:108,0
DA:110,0
DA:122,0
DA:138,0
DA:149,0
DA:152,0
DA:163,0
DA:164,0
DA:165,0
DA:167,0
DA:169,0
DA:170,0
DA:180,0
DA:182,0
DA:183,0
DA:193,0
DA:195,0
DA:203,0
DA:206,0
DA:217,0
DA:218,0
DA:219,0
DA:221,0
DA:223,0
DA:224,0
DA:234,0
DA:236,0
DA:238,0
DA:239,0
DA:248,0
DA:260,0
DA:263,0
DA:274,0
DA:278,0
DA:282,0
LF:60
LH:0
BRDA:29,0,0,0
BRDA:42,1,0,0
BRDA:55,2,0,0
BRDA:72,3,0,0
BRDA:72,3,1,0
BRDA:73,4,0,0
BRDA:73,4,1,0
BRDA:112,5,0,0
BRDA:112,5,1,0
BRDA:125,6,0,0
BRDA:125,6,1,0
BRDA:135,7,0,0
BRDA:135,7,1,0
BRDA:135,8,0,0
BRDA:135,8,1,0
BRDA:138,9,0,0
BRDA:138,9,1,0
BRDA:169,10,0,0
BRDA:182,11,0,0
BRDA:223,12,0,0
BRDA:238,13,0,0
BRDA:238,14,0,0
BRDA:238,14,1,0
BRF:23
BRH:0
end_of_record
TN:
SF:service/controllers/deposit.controller.ts
FN:43,(anonymous_8)
FN:161,(anonymous_17)
FN:373,(anonymous_26)
FN:531,(anonymous_35)
FN:587,(anonymous_43)
FN:650,(anonymous_45)
FN:694,(anonymous_52)
FN:780,(anonymous_60)
FNF:8
FNH:0
FNDA:0,(anonymous_8)
FNDA:0,(anonymous_17)
FNDA:0,(anonymous_26)
FNDA:0,(anonymous_35)
FNDA:0,(anonymous_43)
FNDA:0,(anonymous_45)
FNDA:0,(anonymous_52)
FNDA:0,(anonymous_60)
DA:2,0
DA:3,0
DA:4,0
DA:5,0
DA:6,0
DA:7,0
DA:8,0
DA:10,0
DA:11,0
DA:12,0
DA:14,0
DA:15,0
DA:16,0
DA:19,0
DA:25,0
DA:29,0
DA:44,0
DA:45,0
DA:46,0
DA:47,0
DA:50,0
DA:51,0
DA:52,0
DA:54,0
DA:55,0
DA:57,0
DA:58,0
DA:60,0
DA:61,0
DA:68,0
DA:69,0
DA:71,0
DA:72,0
DA:73,0
DA:77,0
DA:78,0
DA:81,0
DA:89,0
DA:90,0
DA:91,0
DA:92,0
DA:94,0
DA:95,0
DA:97,0
DA:98,0
DA:102,0
DA:119,0
DA:140,0
DA:142,0
DA:152,0
DA:162,0
DA:163,0
DA:164,0
DA:165,0
DA:167,0
DA:168,0
DA:175,0
DA:176,0
DA:177,0
DA:180,0
DA:181,0
DA:182,0
DA:183,0
DA:184,0
DA:186,0
DA:187,0
DA:188,0
DA:192,0
DA:193,0
DA:194,0
DA:198,0
DA:199,0
DA:209,0
DA:210,0
DA:213,0
DA:217,0
DA:228,0
DA:236,0
DA:238,0
DA:240,0
DA:241,0
DA:242,0
DA:244,0
DA:245,0
DA:246,0
DA:248,0
DA:249,0
DA:251,0
DA:256,0
DA:258,0
DA:266,0
DA:269,0
DA:270,0
DA:273,0
DA:277,0
DA:285,0
DA:286,0
DA:287,0
DA:298,0
DA:305,0
DA:306,0
DA:307,0
DA:308,0
DA:309,0
DA:312,0
DA:319,0
DA:332,0
DA:339,0
DA:340,0
DA:344,0
DA:350,0
DA:352,0
DA:363,0
DA:374,0
DA:375,0
DA:376,0
DA:377,0
DA:378,0
DA:380,0
DA:382,0
DA:383,0
DA:392,0
DA:394,0
DA:395,0
DA:404,0
DA:405,0
DA:415,0
DA:417,0
DA:419,0
DA:420,0
DA:430,0
DA:431,0
DA:434,0
DA:435,0
DA:439,0
DA:440,0
DA:449,0
DA:455,0
DA:462,0
DA:463,0
DA:464,0
DA:465,0
DA:467,0
DA:468,0
DA:469,0
DA:472,0
DA:483,0
DA:502,0
DA:518,0
DA:521,0
DA:532,0
DA:533,0
DA:535,0
DA:536,0
DA:538,0
DA:539,0
DA:549,0
DA:551,0
DA:552,0
DA:562,0
DA:564,0
DA:566,0
DA:574,0
DA:577,0
DA:588,0
DA:589,0
DA:591,0
DA:594,0
DA:596,0
DA:597,0
DA:598,0
DA:601,0
DA:602,0
DA:605,0
DA:607,0
DA:611,0
DA:630,0
DA:633,0
DA:636,0
DA:639,0
DA:640,0
DA:651,0
DA:652,0
DA:654,0
DA:655,0
DA:658,0
DA:660,0
DA:661,0
DA:670,0
DA:681,0
DA:684,0
DA:695,0
DA:696,0
DA:697,0
DA:698,0
DA:699,0
DA:701,0
DA:703,0
DA:704,0
DA:714,0
DA:716,0
DA:717,0
DA:727,0
DA:732,0
DA:733,0
DA:736,0
DA:744,0
DA:747,0
DA:750,0
DA:757,0
DA:758,0
DA:759,0
DA:763,0
DA:769,0
DA:772,0
DA:781,0
DA:785,0
LF:217
LH:0
BRDA:14,0,0,0
BRDA:14,0,1,0
BRDA:15,1,0,0
BRDA:15,1,1,0
BRDA:16,2,0,0
BRDA:16,2,1,0
BRDA:46,3,0,0
BRDA:50,4,0,0
BRDA:50,4,1,0
BRDA:51,5,0,0
BRDA:51,5,1,0
BRDA:52,6,0,0
BRDA:52,6,1,0
BRDA:54,7,0,0
BRDA:57,8,0,0
BRDA:60,9,0,0
BRDA:60,10,0,0
BRDA:60,10,1,0
BRDA:72,11,0,0
BRDA:72,12,0,0
BRDA:72,12,1,0
BRDA:72,13,0,0
BRDA:72,13,1,0
BRDA:89,14,0,0
BRDA:89,14,1,0
BRDA:91,15,0,0
BRDA:91,16,0,0
BRDA:91,16,1,0
BRDA:108,17,0,0
BRDA:108,17,1,0
BRDA:108,18,0,0
BRDA:108,18,1,0
BRDA:164,19,0,0
BRDA:167,20,0,0
BRDA:167,21,0,0
BRDA:167,21,1,0
BRDA:175,22,0,0
BRDA:175,22,1,0
BRDA:176,23,0,0
BRDA:187,24,0,0
BRDA:187,25,0,0
BRDA:187,25,1,0
BRDA:192,26,0,0
BRDA:192,27,0,0
BRDA:192,27,1,0
BRDA:198,28,0,0
BRDA:213,29,0,0
BRDA:213,29,1,0
BRDA:218,30,0,0
BRDA:218,30,1,0
BRDA:242,31,0,0
BRDA:245,32,0,0
BRDA:245,32,1,0
BRDA:246,33,0,0
BRDA:246,33,1,0
BRDA:248,34,0,0
BRDA:248,35,0,0
BRDA:248,35,1,0
BRDA:249,36,0,0
BRDA:249,37,0,0
BRDA:249,37,1,0
BRDA:256,38,0,0
BRDA:269,39,0,0
BRDA:285,40,0,0
BRDA:308,41,0,0
BRDA:308,42,0,0
BRDA:308,42,1,0
BRDA:308,42,2,0
BRDA:313,43,0,0
BRDA:313,43,1,0
BRDA:314,44,0,0
BRDA:314,44,1,0
BRDA:315,45,0,0
BRDA:315,45,1,0
BRDA:323,46,0,0
BRDA:323,46,1,0
BRDA:333,47,0,0
BRDA:333,47,1,0
BRDA:334,48,0,0
BRDA:334,48,1,0
BRDA:335,49,0,0
BRDA:335,49,1,0
BRDA:345,50,0,0
BRDA:345,50,1,0
BRDA:346,51,0,0
BRDA:346,51,1,0
BRDA:347,52,0,0
BRDA:347,52,1,0
BRDA:359,53,0,0
BRDA:359,53,1,0
BRDA:359,54,0,0
BRDA:359,54,1,0
BRDA:382,55,0,0
BRDA:394,56,0,0
BRDA:394,57,0,0
BRDA:394,57,1,0
BRDA:404,58,0,0
BRDA:404,59,0,0
BRDA:404,59,1,0
BRDA:419,60,0,0
BRDA:419,61,0,0
BRDA:419,61,1,0
BRDA:434,62,0,0
BRDA:434,62,1,0
BRDA:439,63,0,0
BRDA:456,64,0,0
BRDA:456,64,1,0
BRDA:457,65,0,0
BRDA:457,65,1,0
BRDA:458,66,0,0
BRDA:458,66,1,0
BRDA:468,67,0,0
BRDA:468,67,1,0
BRDA:486,68,0,0
BRDA:486,68,1,0
BRDA:487,69,0,0
BRDA:487,69,1,0
BRDA:491,70,0,0
BRDA:491,70,1,0
BRDA:492,71,0,0
BRDA:492,71,1,0
BRDA:497,72,0,0
BRDA:497,72,1,0
BRDA:498,73,0,0
BRDA:498,73,1,0
BRDA:538,74,0,0
BRDA:551,75,0,0
BRDA:551,76,0,0
BRDA:551,76,1,0
BRDA:596,77,0,0
BRDA:601,78,0,0
BRDA:601,78,1,0
BRDA:601,79,0,0
BRDA:601,79,1,0
BRDA:660,80,0,0
BRDA:660,81,0,0
BRDA:660,81,1,0
BRDA:703,82,0,0
BRDA:703,83,0,0
BRDA:703,83,1,0
BRDA:716,84,0,0
BRDA:729,85,0,0
BRDA:729,85,1,0
BRDA:729,86,0,0
BRDA:729,86,1,0
BRDA:729,87,0,0
BRDA:729,87,1,0
BRDA:737,88,0,0
BRDA:737,88,1,0
BRDA:737,89,0,0
BRDA:737,89,1,0
BRDA:737,90,0,0
BRDA:737,90,1,0
BRDA:738,91,0,0
BRDA:738,91,1,0
BRDA:738,92,0,0
BRDA:738,92,1,0
BRDA:738,93,0,0
BRDA:738,93,1,0
BRDA:739,94,0,0
BRDA:739,94,1,0
BRDA:739,95,0,0
BRDA:739,95,1,0
BRDA:739,96,0,0
BRDA:739,96,1,0
BRDA:751,97,0,0
BRDA:751,97,1,0
BRDA:751,98,0,0
BRDA:751,98,1,0
BRDA:751,99,0,0
BRDA:751,99,1,0
BRDA:752,100,0,0
BRDA:752,100,1,0
BRDA:752,101,0,0
BRDA:752,101,1,0
BRDA:752,102,0,0
BRDA:752,102,1,0
BRDA:753,103,0,0
BRDA:753,103,1,0
BRDA:753,104,0,0
BRDA:753,104,1,0
BRDA:753,105,0,0
BRDA:753,105,1,0
BRDA:758,106,0,0
BRDA:758,107,0,0
BRDA:758,107,1,0
BRF:186
BRH:0
end_of_record
TN:
SF:service/controllers/portfolio.controller.ts
FN:21,(anonymous_8)
FN:119,(anonymous_16)
FN:124,(anonymous_17)
FN:171,(anonymous_18)
FN:281,(anonymous_27)
FN:303,(anonymous_28)
FN:373,(anonymous_37)
FN:413,(anonymous_39)
FN:428,(anonymous_40)
FNF:9
FNH:0
FNDA:0,(anonymous_8)
FNDA:0,(anonymous_16)
FNDA:0,(anonymous_17)
FNDA:0,(anonymous_18)
FNDA:0,(anonymous_27)
FNDA:0,(anonymous_28)
FNDA:0,(anonymous_37)
FNDA:0,(anonymous_39)
FNDA:0,(anonymous_40)
DA:2,0
DA:3,0
DA:4,0
DA:5,0
DA:6,0
DA:7,0
DA:22,0
DA:23,0
DA:24,0
DA:25,0
DA:26,0
DA:28,0
DA:30,0
DA:31,0
DA:40,0
DA:43,0
DA:45,0
DA:46,0
DA:56,0
DA:58,0
DA:59,0
DA:69,0
DA:72,0
DA:73,0
DA:74,0
DA:76,0
DA:119,0
DA:122,0
DA:124,0
DA:135,0
DA:137,0
DA:158,0
DA:161,0
DA:172,0
DA:173,0
DA:174,0
DA:176,0
DA:177,0
DA:179,0
DA:180,0
DA:189,0
DA:190,0
DA:191,0
DA:201,0
DA:203,0
DA:204,0
DA:214,0
DA:215,0
DA:232,0
DA:233,0
DA:253,0
DA:273,0
DA:279,0
DA:281,0
DA:290,0
DA:293,0
DA:304,0
DA:305,0
DA:306,0
DA:308,0
DA:310,0
DA:311,0
DA:321,0
DA:323,0
DA:325,0
DA:326,0
DA:335,0
DA:336,0
DA:345,0
DA:359,0
DA:362,0
DA:378,0
DA:379,0
DA:381,0
DA:382,0
DA:383,0
DA:384,0
DA:385,0
DA:386,0
DA:388,0
DA:389,0
DA:391,0
DA:392,0
DA:393,0
DA:395,0
DA:396,0
DA:398,0
DA:404,0
DA:414,0
DA:415,0
DA:416,0
DA:418,0
DA:420,0
DA:429,0
DA:433,0
LF:95
LH:0
BRDA:30,0,0,0
BRDA:40,1,0,0
BRDA:40,1,1,0
BRDA:45,2,0,0
BRDA:58,3,0,0
BRDA:73,4,0,0
BRDA:73,4,1,0
BRDA:74,5,0,0
BRDA:74,5,1,0
BRDA:179,6,0,0
BRDA:190,7,0,0
BRDA:203,8,0,0
BRDA:214,9,0,0
BRDA:214,9,1,0
BRDA:232,10,0,0
BRDA:232,10,1,0
BRDA:310,11,0,0
BRDA:325,12,0,0
BRDA:325,13,0,0
BRDA:325,13,1,0
BRDA:335,14,0,0
BRDA:382,15,0,0
BRDA:382,15,1,0
BRDA:383,16,0,0
BRDA:383,16,1,0
BRDA:384,17,0,0
BRDA:384,17,1,0
BRDA:385,18,0,0
BRDA:385,18,1,0
BRDA:386,19,0,0
BRDA:389,20,0,0
BRDA:389,20,1,0
BRDA:389,21,0,0
BRDA:389,21,1,0
BRDA:389,22,0,0
BRDA:389,22,1,0
BRF:36
BRH:0
end_of_record
TN:
SF:service/controllers/privy-auth.controller.ts
FN:22,(anonymous_8)
FN:165,(anonymous_16)
FN:216,(anonymous_23)
FN:337,(anonymous_30)
FN:409,(anonymous_38)
FN:502,(anonymous_47)
FNF:6
FNH:0
FNDA:0,(anonymous_8)
FNDA:0,(anonymous_16)
FNDA:0,(anonymous_23)
FNDA:0,(anonymous_30)
FNDA:0,(anonymous_38)
FNDA:0,(anonymous_47)
DA:2,0
DA:3,0
DA:4,0
DA:5,0
DA:6,0
DA:7,0
DA:23,0
DA:24,0
DA:25,0
DA:26,0
DA:28,0
DA:30,0
DA:31,0
DA:41,0
DA:42,0
DA:43,0
DA:52,0
DA:55,0
DA:58,0
DA:60,0
DA:61,0
DA:71,0
DA:72,0
DA:74,0
DA:76,0
DA:77,0
DA:80,0
DA:82,0
DA:85,0
DA:91,0
DA:96,0
DA:100,0
DA:102,0
DA:104,0
DA:112,0
DA:114,0
DA:115,0
DA:119,0
DA:121,0
DA:153,0
DA:154,0
DA:166,0
DA:167,0
DA:169,0
DA:170,0
DA:179,0
DA:182,0
DA:184,0
DA:185,0
DA:194,0
DA:196,0
DA:207,0
DA:217,0
DA:218,0
DA:219,0
DA:220,0
DA:222,0
DA:224,0
DA:225,0
DA:236,0
DA:237,0
DA:239,0
DA:240,0
DA:241,0
DA:251,0
DA:256,0
DA:257,0
DA:266,0
DA:273,0
DA:274,0
DA:284,0
DA:292,0
DA:299,0
DA:302,0
DA:304,0
DA:327,0
DA:328,0
DA:338,0
DA:339,0
DA:340,0
DA:341,0
DA:343,0
DA:345,0
DA:346,0
DA:355,0
DA:357,0
DA:358,0
DA:367,0
DA:368,0
DA:370,0
DA:399,0
DA:410,0
DA:411,0
DA:412,0
DA:414,0
DA:415,0
DA:424,0
DA:426,0
DA:427,0
DA:437,0
DA:439,0
DA:440,0
DA:449,0
DA:451,0
DA:452,0
DA:461,0
DA:462,0
DA:463,0
DA:466,0
DA:467,0
DA:468,0
DA:469,0
DA:473,0
DA:493,0
DA:503,0
DA:511,0
LF:116
LH:0
BRDA:30,0,0,0
BRDA:42,1,0,0
BRDA:42,2,0,0
BRDA:42,2,1,0
BRDA:60,3,0,0
BRDA:74,4,0,0
BRDA:76,5,0,0
BRDA:80,6,0,0
BRDA:80,6,1,0
BRDA:102,7,0,0
BRDA:114,8,0,0
BRDA:145,9,0,0
BRDA:145,9,1,0
BRDA:146,10,0,0
BRDA:146,10,1,0
BRDA:169,11,0,0
BRDA:169,12,0,0
BRDA:169,12,1,0
BRDA:184,13,0,0
BRDA:184,14,0,0
BRDA:184,14,1,0
BRDA:224,15,0,0
BRDA:224,16,0,0
BRDA:224,16,1,0
BRDA:236,17,0,0
BRDA:236,17,1,0
BRDA:240,18,0,0
BRDA:256,19,0,0
BRDA:273,20,0,0
BRDA:288,21,0,0
BRDA:288,21,1,0
BRDA:345,22,0,0
BRDA:357,23,0,0
BRDA:386,24,0,0
BRDA:386,24,1,0
BRDA:390,25,0,0
BRDA:390,25,1,0
BRDA:414,26,0,0
BRDA:426,27,0,0
BRDA:426,28,0,0
BRDA:426,28,1,0
BRDA:439,29,0,0
BRDA:451,30,0,0
BRDA:467,31,0,0
BRDA:467,32,0,0
BRDA:467,32,1,0
BRF:46
BRH:0
end_of_record
TN:
SF:service/controllers/quiz.controller.ts
FN:39,(anonymous_8)
FN:176,(anonymous_16)
FN:239,(anonymous_23)
FN:278,(anonymous_30)
FN:368,(anonymous_32)
FNF:5
FNH:0
FNDA:0,(anonymous_8)
FNDA:0,(anonymous_16)
FNDA:0,(anonymous_23)
FNDA:0,(anonymous_30)
FNDA:0,(anonymous_32)
DA:2,0
DA:3,0
DA:5,0
DA:6,0
DA:7,0
DA:9,0
DA:40,0
DA:41,0
DA:42,0
DA:45,0
DA:47,0
DA:48,0
DA:56,0
DA:61,0
DA:62,0
DA:63,0
DA:64,0
DA:66,0
DA:67,0
DA:70,0
DA:72,0
DA:79,0
DA:80,0
DA:90,0
DA:102,0
DA:114,0
DA:126,0
DA:144,0
DA:151,0
DA:163,0
DA:165,0
DA:177,0
DA:178,0
DA:179,0
DA:181,0
DA:182,0
DA:184,0
DA:185,0
DA:195,0
DA:197,0
DA:198,0
DA:202,0
DA:203,0
DA:213,0
DA:221,0
DA:226,0
DA:229,0
DA:240,0
DA:241,0
DA:242,0
DA:245,0
DA:247,0
DA:248,0
DA:257,0
DA:266,0
DA:269,0
DA:279,0
DA:281,0
DA:283,0
DA:302,0
DA:303,0
DA:346,0
DA:349,0
DA:350,0
DA:353,0
DA:359,0
DA:360,0
DA:369,0
DA:389,0
LF:69
LH:0
BRDA:47,0,0,0
BRDA:56,1,0,0
BRDA:56,1,1,0
BRDA:56,2,0,0
BRDA:56,2,1,0
BRDA:56,3,0,0
BRDA:56,3,1,0
BRDA:56,4,0,0
BRDA:56,4,1,0
BRDA:61,5,0,0
BRDA:61,5,1,0
BRDA:61,6,0,0
BRDA:61,6,1,0
BRDA:62,7,0,0
BRDA:62,7,1,0
BRDA:62,8,0,0
BRDA:62,8,1,0
BRDA:66,9,0,0
BRDA:66,9,1,0
BRDA:66,10,0,0
BRDA:66,10,1,0
BRDA:67,11,0,0
BRDA:67,11,1,0
BRDA:67,12,0,0
BRDA:67,12,1,0
BRDA:70,13,0,0
BRDA:70,13,1,0
BRDA:72,14,0,0
BRDA:72,14,1,0
BRDA:74,15,0,0
BRDA:74,15,1,0
BRDA:79,16,0,0
BRDA:79,17,0,0
BRDA:79,17,1,0
BRDA:79,17,2,0
BRDA:79,17,3,0
BRDA:136,18,0,0
BRDA:136,18,1,0
BRDA:136,19,0,0
BRDA:136,19,1,0
BRDA:137,20,0,0
BRDA:137,20,1,0
BRDA:137,21,0,0
BRDA:137,21,1,0
BRDA:137,22,0,0
BRDA:137,22,1,0
BRDA:137,23,0,0
BRDA:137,23,1,0
BRDA:137,24,0,0
BRDA:137,24,1,0
BRDA:137,25,0,0
BRDA:137,25,1,0
BRDA:138,26,0,0
BRDA:138,26,1,0
BRDA:138,27,0,0
BRDA:138,27,1,0
BRDA:138,28,0,0
BRDA:138,28,1,0
BRDA:138,29,0,0
BRDA:138,29,1,0
BRDA:138,30,0,0
BRDA:138,30,1,0
BRDA:138,31,0,0
BRDA:138,31,1,0
BRDA:184,32,0,0
BRDA:197,33,0,0
BRDA:202,34,0,0
BRDA:247,35,0,0
BRDA:290,36,0,0
BRDA:290,36,1,0
BRDA:291,37,0,0
BRDA:291,37,1,0
BRDA:292,38,0,0
BRDA:292,38,1,0
BRDA:293,39,0,0
BRDA:293,39,1,0
BRDA:293,40,0,0
BRDA:293,40,1,0
BRDA:293,41,0,0
BRDA:293,41,1,0
BRF:80
BRH:0
end_of_record
TN:
SF:service/controllers/wallet.controller.ts
FN:37,(anonymous_8)
FN:135,(anonymous_16)
FN:171,(anonymous_23)
FN:236,(anonymous_32)
FNF:4
FNH:0
FNDA:0,(anonymous_8)
FNDA:0,(anonymous_16)
FNDA:0,(anonymous_23)
FNDA:0,(anonymous_32)
DA:2,0
DA:5,0
DA:6,0
DA:7,0
DA:8,0
DA:11,0
DA:12,0
DA:14,0
DA:19,0
DA:38,0
DA:39,0
DA:40,0
DA:41,0
DA:43,0
DA:44,0
DA:54,0
DA:56,0
DA:57,0
DA:70,0
DA:71,0
DA:72,0
DA:74,0
DA:75,0
DA:76,0
DA:83,0
DA:87,0
DA:89,0
DA:91,0
DA:92,0
DA:93,0
DA:99,0
DA:122,0
DA:125,0
DA:136,0
DA:137,0
DA:138,0
DA:140,0
DA:141,0
DA:151,0
DA:153,0
DA:158,0
DA:161,0
DA:172,0
DA:173,0
DA:174,0
DA:176,0
DA:177,0
DA:186,0
DA:188,0
DA:189,0
DA:190,0
DA:201,0
DA:203,0
DA:204,0
DA:213,0
DA:224,0
DA:227,0
DA:237,0
DA:241,0
LF:59
LH:0
BRDA:11,0,0,0
BRDA:11,0,1,0
BRDA:12,1,0,0
BRDA:12,1,1,0
BRDA:43,2,0,0
BRDA:56,3,0,0
BRDA:74,4,0,0
BRDA:74,5,0,0
BRDA:74,5,1,0
BRDA:74,5,2,0
BRDA:140,6,0,0
BRDA:155,7,0,0
BRDA:155,7,1,0
BRDA:155,8,0,0
BRDA:155,8,1,0
BRDA:155,9,0,0
BRDA:155,9,1,0
BRDA:176,10,0,0
BRDA:189,11,0,0
BRDA:189,12,0,0
BRDA:189,12,1,0
BRDA:203,13,0,0
BRF:22
BRH:0
end_of_record
TN:
SF:service/enums/AuthMethod.ts
FN:1,(anonymous_0)
FNF:1
FNH:1
FNDA:2,(anonymous_0)
DA:1,2
DA:2,2
DA:3,2
DA:4,2
DA:5,2
LF:5
LH:5
BRDA:1,0,0,2
BRDA:1,0,1,2
BRF:2
BRH:2
end_of_record
TN:
SF:service/enums/Autosave.ts
FN:1,(anonymous_0)
FN:8,(anonymous_1)
FN:16,(anonymous_2)
FNF:3
FNH:3
FNDA:2,(anonymous_0)
FNDA:2,(anonymous_1)
FNDA:2,(anonymous_2)
DA:1,2
DA:2,2
DA:3,2
DA:4,2
DA:5,2
DA:8,2
DA:9,2
DA:10,2
DA:11,2
DA:16,2
DA:17,2
DA:18,2
DA:19,2
DA:20,2
DA:21,2
DA:22,2
LF:16
LH:16
BRDA:1,0,0,2
BRDA:1,0,1,2
BRDA:8,1,0,2
BRDA:8,1,1,2
BRDA:16,2,0,2
BRDA:16,2,1,2
BRF:6
BRH:6
end_of_record
TN:
SF:service/enums/Badges.ts
FN:1,(anonymous_0)
FN:10,(anonymous_1)
FNF:2
FNH:2
FNDA:2,(anonymous_0)
FNDA:2,(anonymous_1)
DA:1,2
DA:2,2
DA:3,2
DA:4,2
DA:5,2
DA:6,2
DA:7,2
DA:10,2
DA:11,2
DA:12,2
DA:13,2
DA:14,2
LF:12
LH:12
BRDA:1,0,0,2
BRDA:1,0,1,2
BRDA:10,1,0,2
BRDA:10,1,1,2
BRF:4
BRH:4
end_of_record
TN:
SF:service/enums/Chama.ts
FN:1,(anonymous_0)
FN:8,(anonymous_1)
FN:14,(anonymous_2)
FN:20,(anonymous_3)
FN:28,(anonymous_4)
FNF:5
FNH:5
FNDA:2,(anonymous_0)
FNDA:2,(anonymous_1)
FNDA:2,(anonymous_2)
FNDA:2,(anonymous_3)
FNDA:2,(anonymous_4)
DA:1,2
DA:2,2
DA:3,2
DA:4,2
DA:5,2
DA:8,2
DA:9,2
DA:10,2
DA:11,2
DA:14,2
DA:15,2
DA:16,2
DA:17,2
DA:20,2
DA:21,2
DA:22,2
DA:23,2
DA:24,2
DA:25,2
DA:28,2
DA:29,2
DA:30,2
DA:31,2
DA:32,2
DA:33,2
DA:34,2
DA:35,2
DA:36,2
DA:37,2
LF:29
LH:29
BRDA:1,0,0,2
BRDA:1,0,1,2
BRDA:8,1,0,2
BRDA:8,1,1,2
BRDA:14,2,0,2
BRDA:14,2,1,2
BRDA:20,3,0,2
BRDA:20,3,1,2
BRDA:28,4,0,2
BRDA:28,4,1,2
BRF:10
BRH:10
end_of_record
TN:
SF:service/enums/Goal.ts
FN:2,(anonymous_0)
FN:14,(anonymous_1)
FN:21,(anonymous_2)
FNF:3
FNH:3
FNDA:2,(anonymous_0)
FNDA:2,(anonymous_1)
FNDA:2,(anonymous_2)
DA:2,2
DA:3,2
DA:4,2
DA:5,2
DA:6,2
DA:7,2
DA:8,2
DA:9,2
DA:10,2
DA:11,2
DA:14,2
DA:15,2
DA:16,2
DA:17,2
DA:18,2
DA:21,2
DA:22,2
DA:23,2
DA:24,2
DA:25,2
LF:20
LH:20
BRDA:2,0,0,2
BRDA:2,0,1,2
BRDA:14,1,0,2
BRDA:14,1,1,2
BRDA:21,2,0,2
BRDA:21,2,1,2
BRF:6
BRH:6
end_of_record
TN:
SF:service/enums/Learning.ts
FN:2,(anonymous_0)
FN:9,(anonymous_1)
FN:15,(anonymous_2)
FN:21,(anonymous_3)
FNF:4
FNH:4
FNDA:2,(anonymous_0)
FNDA:2,(anonymous_1)
FNDA:2,(anonymous_2)
FNDA:2,(anonymous_3)
DA:2,2
DA:3,2
DA:4,2
DA:5,2
DA:6,2
DA:9,2
DA:10,2
DA:11,2
DA:12,2
DA:15,2
DA:16,2
DA:17,2
DA:18,2
DA:21,2
DA:22,2
DA:23,2
DA:24,2
LF:17
LH:17
BRDA:2,0,0,2
BRDA:2,0,1,2
BRDA:9,1,0,2
BRDA:9,1,1,2
BRDA:15,2,0,2
BRDA:15,2,1,2
BRDA:21,3,0,2
BRDA:21,3,1,2
BRF:8
BRH:8
end_of_record
TN:
SF:service/enums/MarketData.ts
FN:1,(anonymous_0)
FNF:1
FNH:1
FNDA:2,(anonymous_0)
DA:1,2
DA:2,2
DA:3,2
DA:4,2
DA:5,2
DA:6,2
DA:7,2
DA:8,2
DA:9,2
DA:10,2
LF:10
LH:10
BRDA:1,0,0,2
BRDA:1,0,1,2
BRF:2
BRH:2
end_of_record
TN:
SF:service/enums/Notification.ts
FN:2,(anonymous_0)
FN:45,(anonymous_1)
FNF:2
FNH:2
FNDA:2,(anonymous_0)
FNDA:2,(anonymous_1)
DA:2,2
DA:4,2
DA:5,2
DA:6,2
DA:7,2
DA:10,2
DA:11,2
DA:12,2
DA:15,2
DA:16,2
DA:17,2
DA:18,2
DA:21,2
DA:22,2
DA:23,2
DA:24,2
DA:27,2
DA:28,2
DA:29,2
DA:30,2
DA:31,2
DA:34,2
DA:35,2
DA:36,2
DA:39,2
DA:40,2
DA:41,2
DA:42,2
DA:45,2
DA:46,2
DA:47,2
DA:48,2
DA:49,2
LF:33
LH:33
BRDA:2,0,0,2
BRDA:2,0,1,2
BRDA:45,1,0,2
BRDA:45,1,1,2
BRF:4
BRH:4
end_of_record
TN:
SF:service/enums/Otp.ts
FN:1,(anonymous_0)
FN:9,(anonymous_1)
FNF:2
FNH:0
FNDA:0,(anonymous_0)
FNDA:0,(anonymous_1)
DA:1,0
DA:2,0
DA:3,0
DA:4,0
DA:5,0
DA:6,0
DA:9,0
DA:10,0
DA:11,0
DA:12,0
DA:13,0
LF:11
LH:0
BRDA:1,0,0,0
BRDA:1,0,1,0
BRDA:9,1,0,0
BRDA:9,1,1,0
BRF:4
BRH:0
end_of_record
TN:
SF:service/enums/Portfolio.ts
FN:1,(anonymous_0)
FNF:1
FNH:1
FNDA:2,(anonymous_0)
DA:1,2
DA:2,2
DA:3,2
DA:4,2
LF:4
LH:4
BRDA:1,0,0,2
BRDA:1,0,1,2
BRF:2
BRH:2
end_of_record
TN:
SF:service/enums/Quiz.ts
FN:2,(anonymous_0)
FNF:1
FNH:1
FNDA:2,(anonymous_0)
DA:2,2
DA:3,2
DA:4,2
DA:5,2
DA:6,2
DA:7,2
LF:6
LH:6
BRDA:2,0,0,2
BRDA:2,0,1,2
BRF:2
BRH:2
end_of_record
TN:
SF:service/enums/RoboAdvisor.ts
FN:1,(anonymous_0)
FNF:1
FNH:1
FNDA:2,(anonymous_0)
DA:1,2
DA:2,2
DA:3,2
DA:4,2
DA:5,2
DA:6,2
DA:7,2
DA:8,2
LF:8
LH:8
BRDA:1,0,0,2
BRDA:1,0,1,2
BRF:2
BRH:2
end_of_record
TN:
SF:service/enums/RoundUpTracker.ts
FN:1,(anonymous_0)
FNF:1
FNH:1
FNDA:2,(anonymous_0)
DA:1,2
DA:2,2
DA:3,2
DA:4,2
DA:5,2
LF:5
LH:5
BRDA:1,0,0,2
BRDA:1,0,1,2
BRF:2
BRH:2
end_of_record
TN:
SF:service/enums/SavingsCommitment.ts
FN:1,(anonymous_0)
FNF:1
FNH:1
FNDA:2,(anonymous_0)
DA:1,2
DA:2,2
DA:3,2
DA:4,2
DA:5,2
DA:6,2
LF:6
LH:6
BRDA:1,0,0,2
BRDA:1,0,1,2
BRF:2
BRH:2
end_of_record
TN:
SF:service/enums/Template.ts
FN:1,(anonymous_0)
FNF:1
FNH:0
FNDA:0,(anonymous_0)
DA:1,0
DA:2,0
DA:3,0
DA:4,0
LF:4
LH:0
BRDA:1,0,0,0
BRDA:1,0,1,0
BRF:2
BRH:0
end_of_record
TN:
SF:service/enums/Transaction.ts
FN:2,(anonymous_0)
FN:13,(anonymous_1)
FN:22,(anonymous_2)
FN:29,(anonymous_3)
FNF:4
FNH:4
FNDA:2,(anonymous_0)
FNDA:2,(anonymous_1)
FNDA:2,(anonymous_2)
FNDA:2,(anonymous_3)
DA:2,2
DA:3,2
DA:4,2
DA:5,2
DA:6,2
DA:7,2
DA:8,2
DA:9,2
DA:10,2
DA:13,2
DA:14,2
DA:15,2
DA:16,2
DA:17,2
DA:18,2
DA:19,2
DA:22,2
DA:23,2
DA:24,2
DA:25,2
DA:26,2
DA:29,2
DA:30,2
DA:31,2
DA:32,2
DA:33,2
DA:34,2
DA:35,2
DA:36,2
LF:29
LH:29
BRDA:2,0,0,2
BRDA:2,0,1,2
BRDA:13,1,0,2
BRDA:13,1,1,2
BRDA:22,2,0,2
BRDA:22,2,1,2
BRDA:29,3,0,2
BRDA:29,3,1,2
BRF:8
BRH:8
end_of_record
TN:
SF:service/enums/User.ts
FN:1,(anonymous_0)
FN:8,(anonymous_1)
FN:14,(anonymous_2)
FN:21,(anonymous_3)
FNF:4
FNH:4
FNDA:2,(anonymous_0)
FNDA:2,(anonymous_1)
FNDA:2,(anonymous_2)
FNDA:2,(anonymous_3)
DA:1,2
DA:2,2
DA:3,2
DA:4,2
DA:5,2
DA:8,2
DA:9,2
DA:10,2
DA:11,2
DA:14,2
DA:15,2
DA:16,2
DA:17,2
DA:18,2
DA:21,2
DA:22,2
DA:23,2
DA:24,2
DA:25,2
LF:19
LH:19
BRDA:1,0,0,2
BRDA:1,0,1,2
BRDA:8,1,0,2
BRDA:8,1,1,2
BRDA:14,2,0,2
BRDA:14,2,1,2
BRDA:21,3,0,2
BRDA:21,3,1,2
BRF:8
BRH:8
end_of_record
TN:
SF:service/enums/Wallet.ts
FN:1,(anonymous_0)
FN:6,(anonymous_1)
FNF:2
FNH:2
FNDA:2,(anonymous_0)
FNDA:2,(anonymous_1)
DA:1,2
DA:2,2
DA:3,2
DA:6,2
DA:7,2
DA:8,2
DA:9,2
DA:10,2
LF:8
LH:8
BRDA:1,0,0,2
BRDA:1,0,1,2
BRDA:6,1,0,2
BRDA:6,1,1,2
BRF:4
BRH:4
end_of_record
TN:
SF:service/jobs/processors/deposit-completion.processor.ts
FN:37,processDepositCompletion
FNF:1
FNH:0
FNDA:0,processDepositCompletion
DA:2,0
DA:3,0
DA:4,0
DA:5,0
DA:37,0
DA:40,0
DA:43,0
DA:45,0
DA:46,0
DA:47,0
DA:48,0
DA:51,0
DA:53,0
DA:55,0
DA:58,0
DA:61,0
DA:62,0
DA:63,0
DA:67,0
DA:68,0
DA:73,0
DA:74,0
DA:76,0
DA:79,0
DA:80,0
DA:89,0
DA:90,0
DA:93,0
DA:94,0
DA:97,0
DA:98,0
DA:106,0
DA:107,0
DA:108,0
DA:109,0
DA:114,0
LF:36
LH:0
BRDA:53,0,0,0
BRDA:61,1,0,0
BRDA:70,2,0,0
BRDA:70,2,1,0
BRDA:70,3,0,0
BRDA:70,3,1,0
BRDA:70,4,0,0
BRDA:70,4,1,0
BRDA:81,5,0,0
BRDA:81,5,1,0
BRDA:81,6,0,0
BRDA:81,6,1,0
BRDA:81,7,0,0
BRDA:81,7,1,0
BRDA:83,8,0,0
BRDA:83,8,1,0
BRDA:83,9,0,0
BRDA:83,9,1,0
BRDA:83,10,0,0
BRDA:83,10,1,0
BRDA:84,11,0,0
BRDA:84,11,1,0
BRDA:84,12,0,0
BRDA:84,12,1,0
BRDA:84,13,0,0
BRDA:84,13,1,0
BRDA:99,14,0,0
BRDA:99,14,1,0
BRDA:99,15,0,0
BRDA:99,15,1,0
BRDA:99,16,0,0
BRDA:99,16,1,0
BRDA:101,17,0,0
BRDA:101,17,1,0
BRDA:101,18,0,0
BRDA:101,18,1,0
BRDA:101,19,0,0
BRDA:101,19,1,0
BRDA:102,20,0,0
BRDA:102,20,1,0
BRDA:102,21,0,0
BRDA:102,21,1,0
BRDA:102,22,0,0
BRDA:102,22,1,0
BRDA:107,23,0,0
BRDA:107,24,0,0
BRDA:107,24,1,0
BRF:47
BRH:0
end_of_record
TN:
SF:service/jobs/processors/onchain-deposit-confirmation.processor.ts
FN:51,processOnchainDepositConfirmation
FNF:1
FNH:0
FNDA:0,processOnchainDepositConfirmation
DA:2,0
DA:3,0
DA:4,0
DA:5,0
DA:6,0
DA:7,0
DA:8,0
DA:18,0
DA:19,0
DA:20,0
DA:25,0
DA:31,0
DA:51,0
DA:54,0
DA:56,0
DA:58,0
DA:59,0
DA:60,0
DA:61,0
DA:62,0
DA:65,0
DA:67,0
DA:68,0
DA:71,0
DA:72,0
DA:75,0
DA:78,0
DA:79,0
DA:80,0
DA:84,0
DA:85,0
DA:86,0
DA:87,0
DA:91,0
DA:92,0
DA:96,0
DA:100,0
DA:110,0
DA:113,0
DA:121,0
DA:123,0
DA:124,0
DA:125,0
DA:128,0
DA:130,0
DA:131,0
DA:132,0
DA:134,0
DA:139,0
DA:143,0
DA:144,0
DA:148,0
DA:151,0
DA:157,0
DA:158,0
DA:159,0
DA:162,0
DA:171,0
DA:172,0
DA:176,0
DA:177,0
DA:178,0
DA:181,0
DA:182,0
DA:185,0
DA:194,0
DA:195,0
DA:198,0
DA:199,0
DA:202,0
DA:205,0
DA:212,0
DA:213,0
DA:214,0
DA:216,0
DA:217,0
DA:220,0
DA:226,0
DA:229,0
DA:241,0
DA:244,0
DA:253,0
DA:254,0
DA:257,0
DA:266,0
DA:268,0
LF:86
LH:0
BRDA:18,0,0,0
BRDA:18,0,1,0
BRDA:19,1,0,0
BRDA:19,1,1,0
BRDA:21,2,0,0
BRDA:21,2,1,0
BRDA:67,3,0,0
BRDA:71,4,0,0
BRDA:78,5,0,0
BRDA:84,6,0,0
BRDA:92,7,0,0
BRDA:92,7,1,0
BRDA:101,8,0,0
BRDA:101,8,1,0
BRDA:128,9,0,0
BRDA:131,10,0,0
BRDA:131,10,1,0
BRDA:132,11,0,0
BRDA:132,11,1,0
BRDA:139,12,0,0
BRDA:140,13,0,0
BRDA:140,13,1,0
BRDA:144,14,0,0
BRDA:145,15,0,0
BRDA:145,15,1,0
BRDA:157,16,0,0
BRDA:176,17,0,0
BRDA:194,18,0,0
BRDA:216,19,0,0
BRDA:216,20,0,0
BRDA:216,20,1,0
BRDA:216,20,2,0
BRDA:221,21,0,0
BRDA:221,21,1,0
BRDA:222,22,0,0
BRDA:222,22,1,0
BRDA:223,23,0,0
BRDA:223,23,1,0
BRDA:233,24,0,0
BRDA:233,24,1,0
BRDA:245,25,0,0
BRDA:245,25,1,0
BRDA:247,26,0,0
BRDA:247,26,1,0
BRDA:249,27,0,0
BRDA:249,27,1,0
BRDA:258,28,0,0
BRDA:258,28,1,0
BRDA:260,29,0,0
BRDA:260,29,1,0
BRDA:262,30,0,0
BRDA:262,30,1,0
BRF:52
BRH:0
end_of_record
TN:
SF:service/middleware/auth.ts
FN:9,requireInternalAuth
FNF:1
FNH:0
FNDA:0,requireInternalAuth
DA:9,0
DA:10,0
DA:12,0
DA:13,0
DA:21,0
DA:24,0
DA:25,0
DA:27,0
DA:35,0
DA:36,0
DA:44,0
DA:45,0
DA:54,0
DA:56,0
LF:14
LH:0
BRDA:12,0,0,0
BRDA:12,1,0,0
BRDA:12,1,1,0
BRDA:12,2,0,0
BRDA:12,2,1,0
BRDA:35,3,0,0
BRDA:35,4,0,0
BRDA:35,4,1,0
BRDA:35,5,0,0
BRDA:35,5,1,0
BRDA:35,6,0,0
BRDA:35,6,1,0
BRDA:35,7,0,0
BRDA:35,7,1,0
BRDA:35,8,0,0
BRDA:35,8,1,0
BRDA:44,9,0,0
BRF:17
BRH:0
end_of_record
TN:
SF:service/models/ai-advisor-session.entity.ts
FN:91,(anonymous_2)
FNF:1
FNH:1
FNDA:2,(anonymous_2)
DA:1,2
DA:10,2
DA:11,2
DA:16,2
DA:18,2
DA:21,2
DA:27,2
DA:31,2
DA:41,2
DA:57,2
DA:60,2
DA:63,2
DA:66,2
DA:69,2
DA:73,2
DA:76,2
DA:79,2
DA:82,2
DA:85,2
DA:88,2
DA:91,2
DA:93,2
LF:22
LH:22
BRDA:27,0,0,0
BRDA:27,0,1,2
BRDA:27,1,0,2
BRDA:27,1,1,2
BRDA:88,2,0,2
BRDA:88,2,1,0
BRDA:88,3,0,2
BRDA:88,3,1,2
BRDA:93,4,0,2
BRDA:93,4,1,0
BRDA:93,5,0,2
BRDA:93,5,1,2
BRF:12
BRH:9
end_of_record
TN:
SF:service/models/autosave-execution.entity.ts
FN:74,(anonymous_2)
FN:74,(anonymous_3)
FN:78,(anonymous_4)
FNF:3
FNH:3
FNDA:2,(anonymous_2)
FNDA:2,(anonymous_3)
FNDA:2,(anonymous_4)
DA:1,2
DA:11,2
DA:12,2
DA:13,2
DA:16,2
DA:18,2
DA:22,2
DA:25,2
DA:28,2
DA:35,2
DA:39,2
DA:42,2
DA:45,2
DA:49,2
DA:52,2
DA:55,2
DA:58,2
DA:62,2
DA:65,2
DA:68,2
DA:71,2
DA:74,2
DA:76,2
DA:78,2
DA:80,2
LF:25
LH:25
BRDA:25,0,0,2
BRDA:25,0,1,0
BRDA:25,1,0,2
BRDA:25,1,1,2
BRDA:35,2,0,0
BRDA:35,2,1,2
BRDA:35,3,0,2
BRDA:35,3,1,2
BRDA:49,4,0,2
BRDA:49,4,1,0
BRDA:49,5,0,2
BRDA:49,5,1,2
BRDA:52,6,0,2
BRDA:52,6,1,0
BRDA:52,7,0,2
BRDA:52,7,1,2
BRDA:55,8,0,2
BRDA:55,8,1,0
BRDA:55,9,0,2
BRDA:55,9,1,2
BRDA:68,10,0,2
BRDA:68,10,1,0
BRDA:68,11,0,2
BRDA:68,11,1,2
BRDA:71,12,0,2
BRDA:71,12,1,0
BRDA:71,13,0,2
BRDA:71,13,1,2
BRDA:76,14,0,0
BRDA:76,14,1,2
BRDA:76,15,0,2
BRDA:76,15,1,0
BRDA:80,16,0,2
BRDA:80,16,1,0
BRDA:80,17,0,2
BRDA:80,17,1,2
BRF:36
BRH:26
end_of_record
TN:
SF:service/models/autosave-rule.entity.ts
FN:105,(anonymous_2)
FN:105,(anonymous_3)
FN:109,(anonymous_4)
FN:109,(anonymous_5)
FNF:4
FNH:4
FNDA:2,(anonymous_2)
FNDA:2,(anonymous_3)
FNDA:2,(anonymous_4)
FNDA:2,(anonymous_5)
DA:1,2
DA:12,2
DA:13,2
DA:14,2
DA:17,2
DA:19,2
DA:23,2
DA:26,2
DA:29,2
DA:32,2
DA:38,2
DA:42,2
DA:46,2
DA:50,2
DA:54,2
DA:57,2
DA:60,2
DA:64,2
DA:67,2
DA:70,2
DA:73,2
DA:77,2
DA:80,2
DA:83,2
DA:86,2
DA:93,2
DA:96,2
DA:99,2
DA:102,2
DA:105,2
DA:107,2
DA:109,2
DA:110,2
LF:33
LH:33
BRDA:38,0,0,0
BRDA:38,0,1,2
BRDA:38,1,0,2
BRDA:38,1,1,2
BRDA:50,2,0,2
BRDA:50,2,1,0
BRDA:50,3,0,2
BRDA:50,3,1,2
BRDA:57,4,0,2
BRDA:57,4,1,0
BRDA:57,5,0,2
BRDA:57,5,1,2
BRDA:60,6,0,2
BRDA:60,6,1,0
BRDA:60,7,0,2
BRDA:60,7,1,2
BRDA:93,8,0,0
BRDA:93,8,1,2
BRDA:93,9,0,2
BRDA:93,9,1,2
BRDA:99,10,0,2
BRDA:99,10,1,0
BRDA:99,11,0,2
BRDA:99,11,1,2
BRDA:102,12,0,2
BRDA:102,12,1,0
BRDA:102,13,0,2
BRDA:102,13,1,2
BRDA:107,14,0,0
BRDA:107,14,1,2
BRDA:107,15,0,2
BRDA:107,15,1,0
BRF:32
BRH:23
end_of_record
TN:
SF:service/models/badge.entity.ts
FN:89,(anonymous_2)
FN:89,(anonymous_3)
FNF:2
FNH:2
FNDA:2,(anonymous_2)
FNDA:2,(anonymous_3)
DA:1,2
DA:9,2
DA:10,2
DA:14,2
DA:16,2
DA:19,2
DA:22,2
DA:25,2
DA:28,2
DA:31,2
DA:37,2
DA:44,2
DA:48,2
DA:56,2
DA:60,2
DA:63,2
DA:66,2
DA:70,2
DA:73,2
DA:76,2
DA:80,2
DA:83,2
DA:86,2
DA:89,2
DA:90,2
LF:25
LH:25
BRDA:37,0,0,0
BRDA:37,0,1,2
BRDA:37,1,0,2
BRDA:37,1,1,2
BRDA:44,2,0,0
BRDA:44,2,1,2
BRDA:44,3,0,2
BRDA:44,3,1,2
BRDA:83,4,0,2
BRDA:83,4,1,0
BRDA:83,5,0,2
BRDA:83,5,1,2
BRDA:86,6,0,2
BRDA:86,6,1,0
BRDA:86,7,0,2
BRDA:86,7,1,2
BRF:16
BRH:12
end_of_record
TN:
SF:service/models/chama-activity.ts
FN:51,(anonymous_2)
FN:51,(anonymous_3)
FN:55,(anonymous_4)
FNF:3
FNH:3
FNDA:2,(anonymous_2)
FNDA:2,(anonymous_3)
FNDA:2,(anonymous_4)
DA:1,2
DA:10,2
DA:11,2
DA:12,2
DA:17,2
DA:19,2
DA:22,2
DA:25,2
DA:31,2
DA:34,2
DA:37,2
DA:45,2
DA:48,2
DA:51,2
DA:53,2
DA:55,2
DA:57,2
LF:17
LH:17
BRDA:31,0,0,0
BRDA:31,0,1,2
BRDA:31,1,0,2
BRDA:31,1,1,2
BRDA:48,2,0,2
BRDA:48,2,1,0
BRDA:48,3,0,2
BRDA:48,3,1,2
BRDA:53,4,0,0
BRDA:53,4,1,2
BRDA:53,5,0,2
BRDA:53,5,1,0
BRDA:57,6,0,0
BRDA:57,6,1,2
BRDA:57,7,0,2
BRDA:57,7,1,0
BRF:16
BRH:10
end_of_record
TN:
SF:service/models/chama-membership.entity.ts
FN:80,(anonymous_2)
FN:80,(anonymous_3)
FN:84,(anonymous_4)
FN:84,(anonymous_5)
FNF:4
FNH:4
FNDA:2,(anonymous_2)
FNDA:2,(anonymous_3)
FNDA:2,(anonymous_4)
FNDA:2,(anonymous_5)
DA:1,2
DA:12,2
DA:13,2
DA:14,2
DA:19,2
DA:21,2
DA:24,2
DA:27,2
DA:34,2
DA:41,2
DA:45,2
DA:48,2
DA:51,2
DA:54,2
DA:58,2
DA:62,2
DA:65,2
DA:68,2
DA:71,2
DA:74,2
DA:77,2
DA:80,2
DA:82,2
DA:84,2
DA:86,2
LF:25
LH:25
BRDA:34,0,0,0
BRDA:34,0,1,2
BRDA:34,1,0,2
BRDA:34,1,1,2
BRDA:41,2,0,0
BRDA:41,2,1,2
BRDA:41,3,0,2
BRDA:41,3,1,2
BRDA:54,4,0,2
BRDA:54,4,1,0
BRDA:54,5,0,2
BRDA:54,5,1,2
BRDA:65,6,0,2
BRDA:65,6,1,0
BRDA:65,7,0,2
BRDA:65,7,1,2
BRDA:68,8,0,2
BRDA:68,8,1,0
BRDA:68,9,0,2
BRDA:68,9,1,2
BRDA:74,10,0,2
BRDA:74,10,1,0
BRDA:74,11,0,2
BRDA:74,11,1,2
BRDA:77,12,0,2
BRDA:77,12,1,0
BRDA:77,13,0,2
BRDA:77,13,1,2
BRDA:82,14,0,0
BRDA:82,14,1,2
BRDA:82,15,0,2
BRDA:82,15,1,0
BRDA:86,16,0,2
BRDA:86,16,1,0
BRDA:86,17,0,2
BRDA:86,17,1,2
BRF:36
BRH:26
end_of_record
TN:
SF:service/models/chama.entity.ts
FN:103,(anonymous_2)
FN:103,(anonymous_3)
FN:106,(anonymous_4)
FN:106,(anonymous_5)
FNF:4
FNH:4
FNDA:2,(anonymous_2)
FNDA:2,(anonymous_3)
FNDA:2,(anonymous_4)
FNDA:2,(anonymous_5)
DA:1,2
DA:10,2
DA:11,2
DA:12,2
DA:15,2
DA:17,2
DA:21,2
DA:24,2
DA:27,2
DA:30,2
DA:37,2
DA:41,2
DA:44,2
DA:47,2
DA:51,2
DA:54,2
DA:58,2
DA:61,2
DA:64,2
DA:67,2
DA:71,2
DA:74,2
DA:77,2
DA:80,2
DA:87,2
DA:91,2
DA:94,2
DA:97,2
DA:100,2
DA:103,2
DA:104,2
DA:106,2
DA:107,2
LF:33
LH:33
BRDA:37,0,0,0
BRDA:37,0,1,2
BRDA:37,1,0,2
BRDA:37,1,1,2
BRDA:47,2,0,2
BRDA:47,2,1,0
BRDA:47,3,0,2
BRDA:47,3,1,2
BRDA:87,4,0,0
BRDA:87,4,1,2
BRDA:87,5,0,2
BRDA:87,5,1,2
BRDA:97,6,0,2
BRDA:97,6,1,0
BRDA:97,7,0,2
BRDA:97,7,1,2
BRDA:100,8,0,2
BRDA:100,8,1,0
BRDA:100,9,0,2
BRDA:100,9,1,2
BRF:20
BRH:15
end_of_record
TN:
SF:service/models/deposit-session.entity.ts
FNF:0
FNH:0
DA:1,2
DA:25,2
DA:27,2
DA:31,2
DA:34,2
DA:37,2
DA:40,2
DA:43,2
DA:46,2
DA:49,2
DA:52,2
DA:59,2
DA:64,2
DA:67,2
DA:70,2
DA:73,2
DA:76,2
DA:80,2
DA:83,2
DA:86,2
DA:89,2
DA:92,2
LF:22
LH:22
BRDA:86,0,0,2
BRDA:86,0,1,0
BRDA:86,1,0,2
BRDA:86,1,1,2
BRDA:89,2,0,2
BRDA:89,2,1,0
BRDA:89,3,0,2
BRDA:89,3,1,2
BRDA:92,4,0,2
BRDA:92,4,1,0
BRDA:92,5,0,2
BRDA:92,5,1,2
BRF:12
BRH:9
end_of_record
TN:
SF:service/models/goal-contribution.entity.ts
FN:42,(anonymous_2)
FN:42,(anonymous_3)
FN:46,(anonymous_4)
FNF:3
FNH:3
FNDA:2,(anonymous_2)
FNDA:2,(anonymous_3)
FNDA:2,(anonymous_4)
DA:1,2
DA:10,2
DA:11,2
DA:15,2
DA:17,2
DA:21,2
DA:24,2
DA:27,2
DA:30,2
DA:33,2
DA:36,2
DA:39,2
DA:42,2
DA:44,2
DA:46,2
DA:48,2
LF:16
LH:16
BRDA:39,0,0,2
BRDA:39,0,1,0
BRDA:39,1,0,2
BRDA:39,1,1,2
BRDA:44,2,0,0
BRDA:44,2,1,2
BRDA:44,3,0,2
BRDA:44,3,1,0
BRDA:48,4,0,2
BRDA:48,4,1,0
BRDA:48,5,0,2
BRDA:48,5,1,2
BRF:12
BRH:8
end_of_record
TN:
SF:service/models/goal-milestone.entity.ts
FN:62,(anonymous_2)
FN:62,(anonymous_3)
FNF:2
FNH:2
FNDA:2,(anonymous_2)
FNDA:2,(anonymous_3)
DA:1,2
DA:11,2
DA:12,2
DA:16,2
DA:18,2
DA:22,2
DA:25,2
DA:28,2
DA:31,2
DA:34,2
DA:37,2
DA:44,2
DA:47,2
DA:50,2
DA:53,2
DA:56,2
DA:59,2
DA:62,2
DA:64,2
LF:19
LH:19
BRDA:34,0,0,2
BRDA:34,0,1,0
BRDA:34,1,0,2
BRDA:34,1,1,2
BRDA:44,2,0,0
BRDA:44,2,1,2
BRDA:44,3,0,2
BRDA:44,3,1,2
BRDA:47,4,0,2
BRDA:47,4,1,0
BRDA:47,5,0,2
BRDA:47,5,1,2
BRDA:50,6,0,2
BRDA:50,6,1,0
BRDA:50,7,0,2
BRDA:50,7,1,2
BRDA:56,8,0,2
BRDA:56,8,1,0
BRDA:56,9,0,2
BRDA:56,9,1,2
BRDA:59,10,0,2
BRDA:59,10,1,0
BRDA:59,11,0,2
BRDA:59,11,1,2
BRDA:64,12,0,0
BRDA:64,12,1,2
BRDA:64,13,0,2
BRDA:64,13,1,0
BRF:28
BRH:20
end_of_record
TN:
SF:service/models/goal.entity.ts
FN:97,(anonymous_2)
FN:97,(anonymous_3)
FN:101,(anonymous_4)
FN:101,(anonymous_5)
FN:104,(anonymous_6)
FN:104,(anonymous_7)
FNF:6
FNH:6
FNDA:2,(anonymous_2)
FNDA:2,(anonymous_3)
FNDA:2,(anonymous_4)
FNDA:2,(anonymous_5)
FNDA:2,(anonymous_6)
FNDA:2,(anonymous_7)
DA:1,2
DA:12,2
DA:13,2
DA:14,2
DA:15,2
DA:18,2
DA:20,2
DA:24,2
DA:27,2
DA:30,2
DA:37,2
DA:40,2
DA:44,2
DA:47,2
DA:50,2
DA:54,2
DA:57,2
DA:61,2
DA:64,2
DA:67,2
DA:70,2
DA:78,2
DA:81,2
DA:85,2
DA:88,2
DA:91,2
DA:94,2
DA:97,2
DA:99,2
DA:101,2
DA:102,2
DA:104,2
DA:105,2
LF:33
LH:33
BRDA:37,0,0,0
BRDA:37,0,1,2
BRDA:37,1,0,2
BRDA:37,1,1,2
BRDA:50,2,0,2
BRDA:50,2,1,0
BRDA:50,3,0,2
BRDA:50,3,1,2
BRDA:67,4,0,2
BRDA:67,4,1,0
BRDA:67,5,0,2
BRDA:67,5,1,2
BRDA:78,6,0,0
BRDA:78,6,1,2
BRDA:78,7,0,2
BRDA:78,7,1,2
BRDA:81,8,0,2
BRDA:81,8,1,0
BRDA:81,9,0,2
BRDA:81,9,1,2
BRDA:91,10,0,2
BRDA:91,10,1,0
BRDA:91,11,0,2
BRDA:91,11,1,2
BRDA:94,12,0,2
BRDA:94,12,1,0
BRDA:94,13,0,2
BRDA:94,13,1,2
BRDA:99,14,0,0
BRDA:99,14,1,2
BRDA:99,15,0,2
BRDA:99,15,1,0
BRF:32
BRH:23
end_of_record
TN:
SF:service/models/learning-module.entity.ts
FN:70,(anonymous_2)
FN:70,(anonymous_3)
FN:74,(anonymous_4)
FN:74,(anonymous_5)
FNF:4
FNH:4
FNDA:2,(anonymous_2)
FNDA:2,(anonymous_3)
FNDA:2,(anonymous_4)
FNDA:2,(anonymous_5)
DA:1,2
DA:12,2
DA:13,2
DA:16,2
DA:18,2
DA:22,2
DA:25,2
DA:28,2
DA:31,2
DA:34,2
DA:37,2
DA:41,2
DA:45,2
DA:48,2
DA:52,2
DA:55,2
DA:58,2
DA:61,2
DA:64,2
DA:67,2
DA:70,2
DA:72,2
DA:74,2
DA:75,2
LF:24
LH:24
BRDA:64,0,0,2
BRDA:64,0,1,0
BRDA:64,1,0,2
BRDA:64,1,1,2
BRDA:67,2,0,2
BRDA:67,2,1,0
BRDA:67,3,0,2
BRDA:67,3,1,2
BRDA:72,4,0,2
BRDA:72,4,1,0
BRDA:72,5,0,2
BRDA:72,5,1,2
BRF:12
BRH:9
end_of_record
TN:
SF:service/models/learningTrack.entity.ts
FN:85,(anonymous_2)
FN:85,(anonymous_3)
FNF:2
FNH:2
FNDA:2,(anonymous_2)
FNDA:2,(anonymous_3)
DA:1,2
DA:9,2
DA:10,2
DA:14,2
DA:16,2
DA:19,2
DA:22,2
DA:25,2
DA:28,2
DA:34,2
DA:37,2
DA:41,2
DA:44,2
DA:47,2
DA:51,2
DA:54,2
DA:57,2
DA:61,2
DA:64,2
DA:67,2
DA:70,2
DA:73,2
DA:76,2
DA:79,2
DA:82,2
DA:85,2
DA:86,2
LF:27
LH:27
BRDA:34,0,0,0
BRDA:34,0,1,2
BRDA:34,1,0,2
BRDA:34,1,1,2
BRDA:79,2,0,2
BRDA:79,2,1,0
BRDA:79,3,0,2
BRDA:79,3,1,2
BRDA:82,4,0,2
BRDA:82,4,1,0
BRDA:82,5,0,2
BRDA:82,5,1,2
BRF:12
BRH:9
end_of_record
TN:
SF:service/models/lesson-progress.entity.ts
FN:87,(anonymous_2)
FN:87,(anonymous_3)
FN:91,(anonymous_4)
FN:91,(anonymous_5)
FNF:4
FNH:4
FNDA:2,(anonymous_2)
FNDA:2,(anonymous_3)
FNDA:2,(anonymous_4)
FNDA:2,(anonymous_5)
DA:1,2
DA:12,2
DA:13,2
DA:14,2
DA:19,2
DA:21,2
DA:24,2
DA:27,2
DA:34,2
DA:37,2
DA:41,2
DA:44,2
DA:48,2
DA:51,2
DA:54,2
DA:58,2
DA:62,2
DA:65,2
DA:69,2
DA:72,2
DA:75,2
DA:78,2
DA:81,2
DA:84,2
DA:87,2
DA:89,2
DA:91,2
DA:93,2
LF:28
LH:28
BRDA:34,0,0,0
BRDA:34,0,1,2
BRDA:34,1,0,2
BRDA:34,1,1,2
BRDA:75,2,0,2
BRDA:75,2,1,0
BRDA:75,3,0,2
BRDA:75,3,1,2
BRDA:78,4,0,2
BRDA:78,4,1,0
BRDA:78,5,0,2
BRDA:78,5,1,2
BRDA:81,6,0,2
BRDA:81,6,1,0
BRDA:81,7,0,2
BRDA:81,7,1,2
BRDA:84,8,0,2
BRDA:84,8,1,0
BRDA:84,9,0,2
BRDA:84,9,1,2
BRDA:89,10,0,0
BRDA:89,10,1,2
BRDA:89,11,0,2
BRDA:89,11,1,0
BRDA:93,12,0,2
BRDA:93,12,1,0
BRDA:93,13,0,2
BRDA:93,13,1,2
BRF:28
BRH:20
end_of_record
TN:
SF:service/models/lesson.entity.ts
FN:103,(anonymous_2)
FN:103,(anonymous_3)
FN:107,(anonymous_4)
FN:107,(anonymous_5)
FN:110,(anonymous_6)
FN:110,(anonymous_7)
FNF:6
FNH:6
FNDA:2,(anonymous_2)
FNDA:2,(anonymous_3)
FNDA:2,(anonymous_4)
FNDA:2,(anonymous_5)
FNDA:2,(anonymous_6)
FNDA:2,(anonymous_7)
DA:1,2
DA:12,2
DA:13,2
DA:14,2
DA:15,2
DA:18,2
DA:20,2
DA:24,2
DA:27,2
DA:30,2
DA:33,2
DA:36,2
DA:43,2
DA:47,2
DA:59,2
DA:63,2
DA:67,2
DA:71,2
DA:74,2
DA:77,2
DA:81,2
DA:84,2
DA:91,2
DA:94,2
DA:97,2
DA:100,2
DA:103,2
DA:105,2
DA:107,2
DA:108,2
DA:110,2
DA:111,2
LF:32
LH:32
BRDA:43,0,0,0
BRDA:43,0,1,2
BRDA:43,1,0,2
BRDA:43,1,1,2
BRDA:91,2,0,0
BRDA:91,2,1,2
BRDA:91,3,0,2
BRDA:91,3,1,2
BRDA:97,4,0,2
BRDA:97,4,1,0
BRDA:97,5,0,2
BRDA:97,5,1,2
BRDA:100,6,0,2
BRDA:100,6,1,0
BRDA:100,7,0,2
BRDA:100,7,1,2
BRDA:105,8,0,2
BRDA:105,8,1,0
BRDA:105,9,0,2
BRDA:105,9,1,2
BRF:20
BRH:15
end_of_record
TN:
SF:service/models/market-data.entity.ts
FNF:0
FNH:0
DA:1,2
DA:8,2
DA:13,2
DA:15,2
DA:21,2
DA:24,2
DA:27,2
DA:30,2
DA:33,2
DA:36,2
DA:39,2
DA:42,2
DA:45,2
DA:49,2
DA:52,2
DA:55,2
DA:58,2
DA:64,2
DA:66,2
DA:69,2
DA:72,2
DA:75,2
DA:78,2
DA:81,2
DA:84,2
DA:87,2
DA:90,2
LF:27
LH:27
BRDA:21,0,0,0
BRDA:21,0,1,2
BRDA:21,1,0,2
BRDA:21,1,1,2
BRDA:55,2,0,2
BRDA:55,2,1,0
BRDA:55,3,0,2
BRDA:55,3,1,2
BRDA:58,4,0,2
BRDA:58,4,1,0
BRDA:58,5,0,2
BRDA:58,5,1,2
BRDA:87,6,0,2
BRDA:87,6,1,0
BRDA:87,7,0,2
BRDA:87,7,1,2
BRDA:90,8,0,2
BRDA:90,8,1,0
BRDA:90,9,0,2
BRDA:90,9,1,2
BRF:20
BRH:15
end_of_record
TN:
SF:service/models/notification.entity.ts
FN:94,(anonymous_2)
FN:94,(anonymous_3)
FNF:2
FNH:2
FNDA:2,(anonymous_2)
FNDA:2,(anonymous_3)
DA:1,2
DA:10,2
DA:11,2
DA:17,2
DA:19,2
DA:22,2
DA:28,2
DA:31,2
DA:34,2
DA:37,2
DA:41,2
DA:44,2
DA:48,2
DA:52,2
DA:59,2
DA:62,2
DA:65,2
DA:69,2
DA:72,2
DA:75,2
DA:78,2
DA:81,2
DA:85,2
DA:88,2
DA:91,2
DA:94,2
DA:96,2
LF:27
LH:27
BRDA:28,0,0,0
BRDA:28,0,1,2
BRDA:28,1,0,2
BRDA:28,1,1,2
BRDA:62,2,0,2
BRDA:62,2,1,0
BRDA:62,3,0,2
BRDA:62,3,1,2
BRDA:81,4,0,0
BRDA:81,4,1,2
BRDA:81,5,0,2
BRDA:81,5,1,0
BRDA:85,6,0,2
BRDA:85,6,1,0
BRDA:85,7,0,2
BRDA:85,7,1,2
BRDA:91,8,0,2
BRDA:91,8,1,0
BRDA:91,9,0,2
BRDA:91,9,1,2
BRDA:96,10,0,0
BRDA:96,10,1,2
BRDA:96,11,0,2
BRDA:96,11,1,0
BRF:24
BRH:16
end_of_record
TN:
SF:service/models/onchain-processed-event.entity.ts
FN:34,(anonymous_2)
FNF:1
FNH:1
FNDA:2,(anonymous_2)
DA:1,2
DA:18,2
DA:20,2
DA:23,2
DA:26,2
DA:29,2
DA:32,2
DA:34,2
DA:35,2
LF:9
LH:9
BRDA:32,0,0,2
BRDA:32,0,1,0
BRDA:32,1,0,2
BRDA:32,1,1,2
BRDA:35,2,0,2
BRDA:35,2,1,0
BRDA:35,3,0,2
BRDA:35,3,1,2
BRF:8
BRH:6
end_of_record
TN:
SF:service/models/portfolio-holding.entity.ts
FNF:0
FNH:0
DA:1,2
DA:4,2
DA:6,2
DA:9,2
DA:12,2
DA:15,2
DA:18,2
DA:21,2
DA:24,2
DA:27,2
LF:10
LH:10
BRDA:27,0,0,2
BRDA:27,0,1,0
BRDA:27,1,0,2
BRDA:27,1,1,2
BRF:4
BRH:3
end_of_record
TN:
SF:service/models/portfolio-snapshot.entity.ts
FN:68,(anonymous_2)
FN:68,(anonymous_3)
FNF:2
FNH:2
FNDA:2,(anonymous_2)
FNDA:2,(anonymous_3)
DA:1,2
DA:10,2
DA:11,2
DA:15,2
DA:17,2
DA:20,2
DA:23,2
DA:30,2
DA:34,2
DA:37,2
DA:40,2
DA:43,2
DA:46,2
DA:49,2
DA:53,2
DA:56,2
DA:59,2
DA:62,2
DA:65,2
DA:68,2
DA:70,2
LF:21
LH:21
BRDA:23,0,0,2
BRDA:23,0,1,0
BRDA:23,1,0,2
BRDA:23,1,1,2
BRDA:30,2,0,0
BRDA:30,2,1,2
BRDA:30,3,0,2
BRDA:30,3,1,2
BRDA:65,4,0,2
BRDA:65,4,1,0
BRDA:65,5,0,2
BRDA:65,5,1,2
BRDA:70,6,0,0
BRDA:70,6,1,2
BRDA:70,7,0,2
BRDA:70,7,1,0
BRF:16
BRH:11
end_of_record
TN:
SF:service/models/portfolio.entity.ts
FN:101,(anonymous_2)
FN:101,(anonymous_3)
FN:105,(anonymous_4)
FN:105,(anonymous_5)
FNF:4
FNH:4
FNDA:2,(anonymous_2)
FNDA:2,(anonymous_3)
FNDA:2,(anonymous_4)
FNDA:2,(anonymous_5)
DA:1,2
DA:12,2
DA:13,2
DA:17,2
DA:19,2
DA:23,2
DA:27,2
DA:30,2
DA:34,2
DA:37,2
DA:40,2
DA:43,2
DA:46,2
DA:50,2
DA:53,2
DA:56,2
DA:59,2
DA:62,2
DA:66,2
DA:69,2
DA:72,2
DA:75,2
DA:78,2
DA:82,2
DA:85,2
DA:89,2
DA:92,2
DA:95,2
DA:98,2
DA:101,2
DA:103,2
DA:105,2
DA:106,2
LF:33
LH:33
BRDA:89,0,0,2
BRDA:89,0,1,0
BRDA:89,1,0,2
BRDA:89,1,1,2
BRDA:95,2,0,2
BRDA:95,2,1,0
BRDA:95,3,0,2
BRDA:95,3,1,2
BRDA:98,4,0,2
BRDA:98,4,1,0
BRDA:98,5,0,2
BRDA:98,5,1,2
BRDA:103,6,0,0
BRDA:103,6,1,2
BRDA:103,7,0,2
BRDA:103,7,1,0
BRF:16
BRH:11
end_of_record
TN:
SF:service/models/quiz.entity.ts
FN:82,(anonymous_2)
FN:82,(anonymous_3)
FNF:2
FNH:2
FNDA:2,(anonymous_2)
FNDA:2,(anonymous_3)
DA:1,2
DA:11,2
DA:12,2
DA:15,2
DA:17,2
DA:21,2
DA:24,2
DA:31,2
DA:34,2
DA:37,2
DA:41,2
DA:49,2
DA:52,2
DA:56,2
DA:59,2
DA:62,2
DA:66,2
DA:70,2
DA:73,2
DA:76,2
DA:79,2
DA:82,2
DA:84,2
LF:23
LH:23
BRDA:31,0,0,0
BRDA:31,0,1,2
BRDA:31,1,0,2
BRDA:31,1,1,2
BRDA:76,2,0,2
BRDA:76,2,1,0
BRDA:76,3,0,2
BRDA:76,3,1,2
BRDA:79,4,0,2
BRDA:79,4,1,0
BRDA:79,5,0,2
BRDA:79,5,1,2
BRDA:84,6,0,0
BRDA:84,6,1,2
BRDA:84,7,0,2
BRDA:84,7,1,0
BRF:16
BRH:11
end_of_record
TN:
SF:service/models/roundup-tracker.entity.ts
FN:62,(anonymous_2)
FN:62,(anonymous_3)
FNF:2
FNH:2
FNDA:2,(anonymous_2)
FNDA:2,(anonymous_3)
DA:1,2
DA:11,2
DA:12,2
DA:15,2
DA:17,2
DA:21,2
DA:24,2
DA:27,2
DA:30,2
DA:33,2
DA:37,2
DA:50,2
DA:53,2
DA:56,2
DA:59,2
DA:62,2
DA:64,2
LF:17
LH:17
BRDA:24,0,0,2
BRDA:24,0,1,0
BRDA:24,1,0,2
BRDA:24,1,1,2
BRDA:27,2,0,2
BRDA:27,2,1,0
BRDA:27,3,0,2
BRDA:27,3,1,2
BRDA:50,4,0,0
BRDA:50,4,1,2
BRDA:50,5,0,2
BRDA:50,5,1,2
BRDA:56,6,0,2
BRDA:56,6,1,0
BRDA:56,7,0,2
BRDA:56,7,1,2
BRDA:59,8,0,2
BRDA:59,8,1,0
BRDA:59,9,0,2
BRDA:59,9,1,2
BRDA:64,10,0,0
BRDA:64,10,1,2
BRDA:64,11,0,2
BRDA:64,11,1,0
BRF:24
BRH:17
end_of_record
TN:
SF:service/models/savings-commitment.entity.ts
FN:73,(anonymous_2)
FN:73,(anonymous_3)
FN:77,(anonymous_4)
FNF:3
FNH:3
FNDA:2,(anonymous_2)
FNDA:2,(anonymous_3)
FNDA:2,(anonymous_4)
DA:1,2
DA:11,2
DA:12,2
DA:13,2
DA:16,2
DA:18,2
DA:22,2
DA:25,2
DA:28,2
DA:31,2
DA:34,2
DA:41,2
DA:45,2
DA:48,2
DA:51,2
DA:55,2
DA:58,2
DA:61,2
DA:64,2
DA:67,2
DA:70,2
DA:73,2
DA:75,2
DA:77,2
DA:79,2
LF:25
LH:25
BRDA:31,0,0,2
BRDA:31,0,1,0
BRDA:31,1,0,2
BRDA:31,1,1,2
BRDA:41,2,0,0
BRDA:41,2,1,2
BRDA:41,3,0,2
BRDA:41,3,1,2
BRDA:48,4,0,2
BRDA:48,4,1,0
BRDA:48,5,0,2
BRDA:48,5,1,2
BRDA:55,6,0,2
BRDA:55,6,1,0
BRDA:55,7,0,2
BRDA:55,7,1,2
BRDA:58,8,0,2
BRDA:58,8,1,0
BRDA:58,9,0,2
BRDA:58,9,1,2
BRDA:67,10,0,2
BRDA:67,10,1,0
BRDA:67,11,0,2
BRDA:67,11,1,2
BRDA:70,12,0,2
BRDA:70,12,1,0
BRDA:70,13,0,2
BRDA:70,13,1,2
BRDA:75,14,0,0
BRDA:75,14,1,2
BRDA:75,15,0,2
BRDA:75,15,1,0
BRDA:79,16,0,2
BRDA:79,16,1,0
BRDA:79,17,0,2
BRDA:79,17,1,2
BRF:36
BRH:26
end_of_record
TN:
SF:service/models/transaction.entity.ts
FN:185,(anonymous_2)
FN:185,(anonymous_3)
FNF:2
FNH:2
FNDA:2,(anonymous_2)
FNDA:2,(anonymous_3)
DA:1,2
DA:12,2
DA:13,2
DA:18,2
DA:20,2
DA:24,2
DA:30,2
DA:37,2
DA:44,2
DA:47,2
DA:54,2
DA:57,2
DA:61,2
DA:65,2
DA:72,2
DA:75,2
DA:78,2
DA:81,2
DA:84,2
DA:92,2
DA:96,2
DA:99,2
DA:102,2
DA:106,2
DA:109,2
DA:112,2
DA:116,2
DA:119,2
DA:122,2
DA:125,2
DA:129,2
DA:132,2
DA:135,2
DA:138,2
DA:141,2
DA:145,2
DA:154,2
DA:157,2
DA:160,2
DA:163,2
DA:167,2
DA:170,2
DA:173,2
DA:176,2
DA:179,2
DA:182,2
DA:185,2
DA:187,2
LF:48
LH:48
BRDA:30,0,0,0
BRDA:30,0,1,2
BRDA:30,1,0,2
BRDA:30,1,1,2
BRDA:37,2,0,0
BRDA:37,2,1,2
BRDA:37,3,0,2
BRDA:37,3,1,2
BRDA:44,4,0,0
BRDA:44,4,1,2
BRDA:44,5,0,2
BRDA:44,5,1,2
BRDA:54,6,0,0
BRDA:54,6,1,2
BRDA:54,7,0,2
BRDA:54,7,1,2
BRDA:72,8,0,0
BRDA:72,8,1,2
BRDA:72,9,0,2
BRDA:72,9,1,2
BRDA:92,10,0,0
BRDA:92,10,1,2
BRDA:92,11,0,2
BRDA:92,11,1,2
BRDA:154,12,0,2
BRDA:154,12,1,0
BRDA:154,13,0,2
BRDA:154,13,1,2
BRDA:157,14,0,2
BRDA:157,14,1,0
BRDA:157,15,0,2
BRDA:157,15,1,2
BRDA:160,16,0,2
BRDA:160,16,1,0
BRDA:160,17,0,2
BRDA:160,17,1,2
BRDA:176,18,0,0
BRDA:176,18,1,2
BRDA:176,19,0,2
BRDA:176,19,1,0
BRDA:179,20,0,2
BRDA:179,20,1,0
BRDA:179,21,0,2
BRDA:179,21,1,2
BRDA:182,22,0,2
BRDA:182,22,1,0
BRDA:182,23,0,2
BRDA:182,23,1,2
BRDA:187,24,0,0
BRDA:187,24,1,2
BRDA:187,25,0,2
BRDA:187,25,1,0
BRF:52
BRH:37
end_of_record
TN:
SF:service/models/user-badge.entity.ts
FN:59,(anonymous_2)
FN:59,(anonymous_3)
FN:63,(anonymous_4)
FN:63,(anonymous_5)
FNF:4
FNH:4
FNDA:2,(anonymous_2)
FNDA:2,(anonymous_3)
FNDA:2,(anonymous_4)
FNDA:2,(anonymous_5)
DA:1,2
DA:11,2
DA:12,2
DA:17,2
DA:19,2
DA:22,2
DA:25,2
DA:28,2
DA:32,2
DA:35,2
DA:38,2
DA:42,2
DA:50,2
DA:53,2
DA:56,2
DA:59,2
DA:61,2
DA:63,2
DA:65,2
LF:19
LH:19
BRDA:28,0,0,2
BRDA:28,0,1,0
BRDA:28,1,0,2
BRDA:28,1,1,2
BRDA:56,2,0,2
BRDA:56,2,1,0
BRDA:56,3,0,2
BRDA:56,3,1,2
BRDA:61,4,0,0
BRDA:61,4,1,2
BRDA:61,5,0,2
BRDA:61,5,1,0
BRDA:65,6,0,2
BRDA:65,6,1,0
BRDA:65,7,0,2
BRDA:65,7,1,2
BRF:16
BRH:11
end_of_record
TN:
SF:service/models/user.entity.ts
FN:176,(anonymous_2)
FN:176,(anonymous_3)
FN:179,(anonymous_4)
FN:179,(anonymous_5)
FN:182,(anonymous_6)
FN:182,(anonymous_7)
FN:185,(anonymous_8)
FN:185,(anonymous_9)
FN:188,(anonymous_10)
FN:188,(anonymous_11)
FN:191,(anonymous_12)
FN:191,(anonymous_13)
FN:194,(anonymous_14)
FN:194,(anonymous_15)
FN:197,(anonymous_16)
FN:197,(anonymous_17)
FN:200,(anonymous_18)
FN:200,(anonymous_19)
FN:203,(anonymous_20)
FN:203,(anonymous_21)
FN:206,(anonymous_22)
FN:206,(anonymous_23)
FNF:22
FNH:22
FNDA:2,(anonymous_2)
FNDA:2,(anonymous_3)
FNDA:2,(anonymous_4)
FNDA:2,(anonymous_5)
FNDA:2,(anonymous_6)
FNDA:2,(anonymous_7)
FNDA:2,(anonymous_8)
FNDA:2,(anonymous_9)
FNDA:2,(anonymous_10)
FNDA:2,(anonymous_11)
FNDA:2,(anonymous_12)
FNDA:2,(anonymous_13)
FNDA:2,(anonymous_14)
FNDA:2,(anonymous_15)
FNDA:2,(anonymous_16)
FNDA:2,(anonymous_17)
FNDA:2,(anonymous_18)
FNDA:2,(anonymous_19)
FNDA:2,(anonymous_20)
FNDA:2,(anonymous_21)
FNDA:2,(anonymous_22)
FNDA:2,(anonymous_23)
DA:1,2
DA:11,2
DA:12,2
DA:13,2
DA:14,2
DA:15,2
DA:16,2
DA:17,2
DA:18,2
DA:19,2
DA:20,2
DA:21,2
DA:22,2
DA:23,2
DA:26,2
DA:28,2
DA:32,2
DA:35,2
DA:38,2
DA:41,2
DA:44,2
DA:47,2
DA:55,2
DA:62,2
DA:65,2
DA:68,2
DA:71,2
DA:74,2
DA:77,2
DA:80,2
DA:84,2
DA:87,2
DA:90,2
DA:93,2
DA:96,2
DA:104,2
DA:107,2
DA:114,2
DA:117,2
DA:121,2
DA:124,2
DA:127,2
DA:130,2
DA:133,2
DA:136,2
DA:140,2
DA:143,2
DA:146,2
DA:149,2
DA:152,2
DA:155,2
DA:158,2
DA:161,2
DA:164,2
DA:167,2
DA:170,2
DA:173,2
DA:176,2
DA:177,2
DA:179,2
DA:180,2
DA:182,2
DA:183,2
DA:185,2
DA:186,2
DA:188,2
DA:189,2
DA:191,2
DA:192,2
DA:194,2
DA:195,2
DA:197,2
DA:198,2
DA:200,2
DA:201,2
DA:203,2
DA:204,2
DA:206,2
DA:207,2
LF:79
LH:79
BRDA:55,0,0,0
BRDA:55,0,1,2
BRDA:55,1,0,2
BRDA:55,1,1,2
BRDA:62,2,0,0
BRDA:62,2,1,2
BRDA:62,3,0,2
BRDA:62,3,1,2
BRDA:104,4,0,0
BRDA:104,4,1,2
BRDA:104,5,0,2
BRDA:104,5,1,2
BRDA:114,6,0,0
BRDA:114,6,1,2
BRDA:114,7,0,2
BRDA:114,7,1,2
BRDA:117,8,0,2
BRDA:117,8,1,0
BRDA:117,9,0,2
BRDA:117,9,1,2
BRDA:136,10,0,2
BRDA:136,10,1,0
BRDA:136,11,0,2
BRDA:136,11,1,2
BRDA:164,12,0,0
BRDA:164,12,1,2
BRDA:164,13,0,2
BRDA:164,13,1,2
BRDA:167,14,0,2
BRDA:167,14,1,0
BRDA:167,15,0,2
BRDA:167,15,1,2
BRDA:170,16,0,2
BRDA:170,16,1,0
BRDA:170,17,0,2
BRDA:170,17,1,2
BRDA:173,18,0,2
BRDA:173,18,1,0
BRDA:173,19,0,2
BRDA:173,19,1,2
BRDA:177,20,0,2
BRDA:177,20,1,0
BRDA:177,21,0,2
BRDA:177,21,1,2
BRDA:180,22,0,2
BRDA:180,22,1,0
BRDA:180,23,0,2
BRDA:180,23,1,2
BRF:48
BRH:36
end_of_record
TN:
SF:service/models/wallet.entity.ts
FN:92,(anonymous_2)
FN:92,(anonymous_3)
FNF:2
FNH:2
FNDA:2,(anonymous_2)
FNDA:2,(anonymous_3)
DA:1,2
DA:11,2
DA:12,2
DA:16,2
DA:18,2
DA:22,2
DA:26,2
DA:33,2
DA:40,2
DA:43,2
DA:46,2
DA:49,2
DA:52,2
DA:55,2
DA:58,2
DA:65,2
DA:68,2
DA:71,2
DA:74,2
DA:77,2
DA:80,2
DA:83,2
DA:86,2
DA:89,2
DA:92,2
DA:94,2
LF:26
LH:26
BRDA:33,0,0,0
BRDA:33,0,1,2
BRDA:33,1,0,2
BRDA:33,1,1,2
BRDA:40,2,0,0
BRDA:40,2,1,2
BRDA:40,3,0,2
BRDA:40,3,1,2
BRDA:80,4,0,2
BRDA:80,4,1,0
BRDA:80,5,0,2
BRDA:80,5,1,2
BRDA:86,6,0,2
BRDA:86,6,1,0
BRDA:86,7,0,2
BRDA:86,7,1,2
BRDA:89,8,0,2
BRDA:89,8,1,0
BRDA:89,9,0,2
BRDA:89,9,1,2
BRDA:94,10,0,0
BRDA:94,10,1,2
BRDA:94,11,0,2
BRDA:94,11,1,0
BRF:24
BRH:17
end_of_record
TN:
SF:service/repositories/advisor-session.repo.ts
FN:11,(anonymous_8)
FN:17,(anonymous_9)
FN:33,(anonymous_11)
FN:73,(anonymous_13)
FN:86,(anonymous_15)
FN:100,(anonymous_17)
FN:109,(anonymous_19)
FNF:7
FNH:0
FNDA:0,(anonymous_8)
FNDA:0,(anonymous_9)
FNDA:0,(anonymous_11)
FNDA:0,(anonymous_13)
FNDA:0,(anonymous_15)
FNDA:0,(anonymous_17)
FNDA:0,(anonymous_19)
DA:2,0
DA:3,0
DA:4,0
DA:5,0
DA:8,0
DA:12,0
DA:13,0
DA:18,0
DA:19,0
DA:26,0
DA:28,0
DA:49,0
DA:50,0
DA:51,0
DA:53,0
DA:59,0
DA:60,0
DA:61,0
DA:62,0
DA:63,0
DA:66,0
DA:68,0
DA:74,0
DA:75,0
DA:76,0
DA:78,0
DA:79,0
DA:81,0
DA:87,0
DA:88,0
DA:89,0
DA:91,0
DA:92,0
DA:93,0
DA:95,0
DA:101,0
DA:102,0
DA:104,0
DA:110,0
DA:111,0
DA:116,0
LF:41
LH:0
BRDA:51,0,0,0
BRDA:59,1,0,0
BRDA:76,2,0,0
BRDA:89,3,0,0
BRF:4
BRH:0
end_of_record
TN:
SF:service/repositories/deposit-session.repo.ts
FN:18,(anonymous_8)
FN:23,(anonymous_9)
FN:28,(anonymous_11)
FN:32,(anonymous_13)
FN:37,(anonymous_15)
FN:61,(anonymous_17)
FN:76,(anonymous_19)
FNF:7
FNH:7
FNDA:18,(anonymous_8)
FNDA:11,(anonymous_9)
FNDA:10,(anonymous_11)
FNDA:5,(anonymous_13)
FNDA:3,(anonymous_15)
FNDA:8,(anonymous_17)
FNDA:10,(anonymous_19)
DA:2,1
DA:4,1
DA:5,1
DA:14,1
DA:19,18
DA:20,18
DA:24,11
DA:25,11
DA:29,10
DA:33,5
DA:34,5
DA:47,3
DA:58,3
DA:62,8
DA:69,8
DA:78,10
DA:88,10
LF:17
LH:17
BRDA:52,0,0,2
BRDA:52,0,1,1
BRDA:52,1,0,3
BRDA:52,1,1,3
BRF:4
BRH:4
end_of_record
TN:
SF:service/repositories/goal.repo.ts
FN:11,(anonymous_8)
FN:17,(anonymous_9)
FN:17,(anonymous_10)
FN:30,(anonymous_11)
FN:60,(anonymous_13)
FN:81,(anonymous_15)
FN:97,(anonymous_16)
FNF:7
FNH:0
FNDA:0,(anonymous_8)
FNDA:0,(anonymous_9)
FNDA:0,(anonymous_10)
FNDA:0,(anonymous_11)
FNDA:0,(anonymous_13)
FNDA:0,(anonymous_15)
FNDA:0,(anonymous_16)
DA:2,0
DA:3,0
DA:4,0
DA:5,0
DA:8,0
DA:12,0
DA:13,0
DA:17,0
DA:18,0
DA:19,0
DA:25,0
DA:38,0
DA:39,0
DA:53,0
DA:55,0
DA:61,0
DA:62,0
DA:63,0
DA:65,0
DA:66,0
DA:69,0
DA:70,0
DA:71,0
DA:74,0
DA:76,0
DA:82,0
DA:93,0
DA:98,0
DA:99,0
DA:101,0
LF:30
LH:0
BRDA:17,0,0,0
BRDA:63,1,0,0
BRDA:69,2,0,0
BRDA:93,3,0,0
BRDA:93,3,1,0
BRF:5
BRH:0
end_of_record
TN:
SF:service/repositories/market-data.repo.ts
FN:12,(anonymous_8)
FN:19,(anonymous_9)
FN:33,(anonymous_11)
FN:50,(anonymous_13)
FN:64,(anonymous_15)
FN:76,(anonymous_17)
FNF:6
FNH:0
FNDA:0,(anonymous_8)
FNDA:0,(anonymous_9)
FNDA:0,(anonymous_11)
FNDA:0,(anonymous_13)
FNDA:0,(anonymous_15)
FNDA:0,(anonymous_17)
DA:2,0
DA:3,0
DA:4,0
DA:8,0
DA:13,0
DA:14,0
DA:15,0
DA:20,0
DA:21,0
DA:26,0
DA:28,0
DA:34,0
DA:35,0
DA:43,0
DA:45,0
DA:51,0
DA:52,0
DA:57,0
DA:59,0
DA:65,0
DA:66,0
DA:71,0
DA:84,0
DA:85,0
DA:95,0
DA:97,0
LF:26
LH:0
BRDA:26,0,0,0
BRDA:26,0,1,0
BRDA:39,1,0,0
BRDA:39,1,1,0
BRDA:57,2,0,0
BRDA:57,2,1,0
BRDA:91,3,0,0
BRDA:91,3,1,0
BRF:8
BRH:0
end_of_record
TN:
SF:service/repositories/portfolio.repo.ts
FN:10,(anonymous_8)
FN:16,(anonymous_9)
FN:41,(anonymous_11)
FN:52,(anonymous_13)
FN:84,(anonymous_15)
FN:98,(anonymous_17)
FNF:6
FNH:0
FNDA:0,(anonymous_8)
FNDA:0,(anonymous_9)
FNDA:0,(anonymous_11)
FNDA:0,(anonymous_13)
FNDA:0,(anonymous_15)
FNDA:0,(anonymous_17)
DA:2,0
DA:3,0
DA:4,0
DA:7,0
DA:11,0
DA:12,0
DA:17,0
DA:18,0
DA:34,0
DA:36,0
DA:42,0
DA:43,0
DA:47,0
DA:58,0
DA:59,0
DA:60,0
DA:62,0
DA:64,0
DA:65,0
DA:66,0
DA:67,0
DA:68,0
DA:71,0
DA:72,0
DA:73,0
DA:74,0
DA:77,0
DA:79,0
DA:85,0
DA:86,0
DA:87,0
DA:89,0
DA:91,0
DA:93,0
DA:99,0
DA:100,0
DA:101,0
DA:103,0
DA:104,0
DA:106,0
DA:107,0
DA:111,0
DA:113,0
LF:43
LH:0
BRDA:60,0,0,0
BRDA:71,1,0,0
BRDA:87,2,0,0
BRDA:101,3,0,0
BRDA:107,4,0,0
BRDA:107,4,1,0
BRF:6
BRH:0
end_of_record
TN:
SF:service/repositories/transaction.repo.ts
FN:11,(anonymous_8)
FN:20,(anonymous_9)
FN:75,(anonymous_11)
FN:90,(anonymous_13)
FN:130,(anonymous_15)
FN:143,(anonymous_17)
FN:157,(anonymous_19)
FN:177,(anonymous_21)
FN:193,(anonymous_23)
FN:204,(anonymous_25)
FN:204,(anonymous_26)
FN:220,(anonymous_27)
FN:220,(anonymous_28)
FN:233,(anonymous_29)
FNF:14
FNH:5
FNDA:22,(anonymous_8)
FNDA:14,(anonymous_9)
FNDA:1,(anonymous_11)
FNDA:6,(anonymous_13)
FNDA:0,(anonymous_15)
FNDA:0,(anonymous_17)
FNDA:0,(anonymous_19)
FNDA:0,(anonymous_21)
FNDA:0,(anonymous_23)
FNDA:0,(anonymous_25)
FNDA:0,(anonymous_26)
FNDA:0,(anonymous_27)
FNDA:0,(anonymous_28)
FNDA:1,(anonymous_29)
DA:2,1
DA:3,1
DA:4,1
DA:5,1
DA:8,1
DA:12,22
DA:13,22
DA:35,14
DA:38,14
DA:46,14
DA:49,14
DA:68,14
DA:76,1
DA:85,1
DA:86,1
DA:104,6
DA:105,6
DA:123,6
DA:125,6
DA:131,0
DA:132,0
DA:133,0
DA:135,0
DA:136,0
DA:138,0
DA:144,0
DA:145,0
DA:146,0
DA:148,0
DA:149,0
DA:150,0
DA:152,0
DA:161,0
DA:162,0
DA:163,0
DA:165,0
DA:166,0
DA:167,0
DA:168,0
DA:170,0
DA:172,0
DA:178,0
DA:179,0
DA:180,0
DA:182,0
DA:183,0
DA:184,0
DA:186,0
DA:188,0
DA:194,0
DA:195,0
DA:199,0
DA:204,0
DA:205,0
DA:206,0
DA:215,0
DA:220,0
DA:221,0
DA:222,0
DA:228,0
DA:234,1
DA:235,1
DA:237,0
LF:63
LH:21
BRDA:46,0,0,0
BRDA:86,1,0,1
BRDA:86,1,1,0
BRDA:86,2,0,1
BRDA:86,2,1,1
BRDA:86,3,0,0
BRDA:86,3,1,1
BRDA:86,4,0,1
BRDA:86,4,1,1
BRDA:118,5,0,6
BRDA:118,5,1,5
BRDA:119,6,0,6
BRDA:119,6,1,5
BRDA:133,7,0,0
BRDA:146,8,0,0
BRDA:163,9,0,0
BRDA:167,10,0,0
BRDA:167,10,1,0
BRDA:180,11,0,0
BRDA:204,12,0,0
BRDA:220,13,0,0
BRF:21
BRH:10
end_of_record
TN:
SF:service/repositories/user.repo.ts
FN:11,(anonymous_8)
FN:17,(anonymous_9)
FN:26,(anonymous_11)
FN:37,(anonymous_13)
FN:58,(anonymous_15)
FN:69,(anonymous_17)
FN:98,(anonymous_19)
FN:120,(anonymous_21)
FN:133,(anonymous_23)
FN:145,(anonymous_25)
FN:155,(anonymous_27)
FN:161,(anonymous_29)
FN:180,(anonymous_31)
FNF:13
FNH:0
FNDA:0,(anonymous_8)
FNDA:0,(anonymous_9)
FNDA:0,(anonymous_11)
FNDA:0,(anonymous_13)
FNDA:0,(anonymous_15)
FNDA:0,(anonymous_17)
FNDA:0,(anonymous_19)
FNDA:0,(anonymous_21)
FNDA:0,(anonymous_23)
FNDA:0,(anonymous_25)
FNDA:0,(anonymous_27)
FNDA:0,(anonymous_29)
FNDA:0,(anonymous_31)
DA:2,0
DA:3,0
DA:4,0
DA:8,0
DA:12,0
DA:13,0
DA:18,0
DA:19,0
DA:21,0
DA:27,0
DA:28,0
DA:32,0
DA:42,0
DA:43,0
DA:51,0
DA:53,0
DA:59,0
DA:60,0
DA:64,0
DA:79,0
DA:80,0
DA:81,0
DA:83,0
DA:84,0
DA:85,0
DA:86,0
DA:87,0
DA:88,0
DA:89,0
DA:91,0
DA:93,0
DA:104,0
DA:105,0
DA:106,0
DA:108,0
DA:109,0
DA:110,0
DA:111,0
DA:113,0
DA:115,0
DA:121,0
DA:122,0
DA:123,0
DA:125,0
DA:126,0
DA:128,0
DA:134,0
DA:135,0
DA:140,0
DA:146,0
DA:147,0
DA:151,0
DA:156,0
DA:167,0
DA:177,0
DA:181,0
DA:182,0
DA:184,0
DA:185,0
LF:59
LH:0
BRDA:81,0,0,0
BRDA:83,1,0,0
BRDA:84,2,0,0
BRDA:85,3,0,0
BRDA:86,4,0,0
BRDA:87,5,0,0
BRDA:88,6,0,0
BRDA:106,7,0,0
BRDA:123,8,0,0
BRDA:182,9,0,0
BRF:10
BRH:0
end_of_record
TN:
SF:service/repositories/wallet.repo.ts
FN:10,(anonymous_8)
FN:16,(anonymous_9)
FN:27,(anonymous_11)
FN:38,(anonymous_13)
FN:62,(anonymous_15)
FN:88,(anonymous_17)
FNF:6
FNH:0
FNDA:0,(anonymous_8)
FNDA:0,(anonymous_9)
FNDA:0,(anonymous_11)
FNDA:0,(anonymous_13)
FNDA:0,(anonymous_15)
FNDA:0,(anonymous_17)
DA:2,0
DA:3,0
DA:4,0
DA:5,0
DA:7,0
DA:11,0
DA:12,0
DA:17,0
DA:18,0
DA:22,0
DA:28,0
DA:29,0
DA:33,0
DA:45,0
DA:46,0
DA:47,0
DA:49,0
DA:50,0
DA:51,0
DA:52,0
DA:53,0
DA:54,0
DA:56,0
DA:58,0
DA:67,0
DA:68,0
DA:82,0
DA:84,0
DA:89,0
DA:90,0
DA:94,0
LF:31
LH:0
BRDA:47,0,0,0
BRDA:49,1,0,0
BRDA:50,2,0,0
BRDA:51,3,0,0
BRDA:52,4,0,0
BRDA:53,5,0,0
BRF:6
BRH:0
end_of_record
TN:
SF:service/routes/index.auth.ts
FN:14,(anonymous_1)
FNF:1
FNH:0
FNDA:0,(anonymous_1)
DA:1,0
DA:2,0
DA:4,0
DA:7,0
DA:10,0
DA:14,0
DA:15,0
DA:16,0
DA:17,0
DA:20,0
LF:10
LH:0
BRF:0
BRH:0
end_of_record
TN:
SF:service/routes/index.dashboard.ts
FN:13,(anonymous_1)
FNF:1
FNH:0
FNDA:0,(anonymous_1)
DA:1,0
DA:2,0
DA:3,0
DA:5,0
DA:8,0
DA:9,0
DA:10,0
DA:13,0
DA:14,0
DA:15,0
DA:16,0
DA:19,0
LF:12
LH:0
BRF:0
BRH:0
end_of_record
TN:
SF:service/routes/index.deposit.ts
FN:21,(anonymous_1)
FNF:1
FNH:0
FNDA:0,(anonymous_1)
DA:1,0
DA:2,0
DA:3,0
DA:5,0
DA:8,0
DA:9,0
DA:10,0
DA:11,0
DA:14,0
DA:15,0
DA:18,0
DA:21,0
DA:22,0
DA:23,0
DA:24,0
DA:27,0
LF:16
LH:0
BRF:0
BRH:0
end_of_record
TN:
SF:service/routes/index.portfolio.ts
FN:15,(anonymous_1)
FNF:1
FNH:0
FNDA:0,(anonymous_1)
DA:1,0
DA:2,0
DA:3,0
DA:5,0
DA:8,0
DA:9,0
DA:12,0
DA:15,0
DA:16,0
DA:17,0
DA:18,0
DA:21,0
LF:12
LH:0
BRF:0
BRH:0
end_of_record
TN:
SF:service/routes/index.privy.ts
FN:55,(anonymous_1)
FNF:1
FNH:0
FNDA:0,(anonymous_1)
DA:1,0
DA:2,0
DA:3,0
DA:5,0
DA:14,0
DA:22,0
DA:31,0
DA:39,0
DA:49,0
DA:55,0
DA:56,0
DA:57,0
DA:58,0
DA:61,0
LF:14
LH:0
BRDA:58,0,0,0
BRDA:58,0,1,0
BRF:2
BRH:0
end_of_record
TN:
SF:service/routes/index.quiz.ts
FN:15,(anonymous_1)
FNF:1
FNH:0
FNDA:0,(anonymous_1)
DA:1,0
DA:2,0
DA:3,0
DA:5,0
DA:8,0
DA:9,0
DA:12,0
DA:15,0
DA:16,0
DA:17,0
DA:18,0
DA:21,0
LF:12
LH:0
BRF:0
BRH:0
end_of_record
TN:
SF:service/routes/index.wallet.ts
FN:15,(anonymous_1)
FNF:1
FNH:0
FNDA:0,(anonymous_1)
DA:1,0
DA:2,0
DA:3,0
DA:5,0
DA:8,0
DA:9,0
DA:12,0
DA:15,0
DA:16,0
DA:17,0
DA:18,0
DA:21,0
LF:12
LH:0
BRF:0
BRH:0
end_of_record
TN:
SF:service/utils/exceptions/Exception.ts
FN:15,(anonymous_7)
FN:43,(anonymous_8)
FN:73,(anonymous_9)
FNF:3
FNH:0
FNDA:0,(anonymous_7)
FNDA:0,(anonymous_8)
FNDA:0,(anonymous_9)
DA:1,0
DA:2,0
DA:5,0
DA:6,0
DA:7,0
DA:22,0
DA:24,0
DA:25,0
DA:26,0
DA:27,0
DA:30,0
DA:31,0
DA:32,0
DA:51,0
DA:52,0
DA:55,0
DA:56,0
DA:59,0
DA:60,0
DA:62,0
DA:80,0
DA:81,0
LF:22
LH:0
BRDA:24,0,0,0
BRDA:24,0,1,0
BRDA:26,1,0,0
BRDA:51,2,0,0
BRDA:55,3,0,0
BRDA:55,4,0,0
BRDA:55,4,1,0
BRDA:59,5,0,0
BRDA:59,5,1,0
BRF:9
BRH:0
end_of_record
TN:
SF:service/utils/provider/privy.ts
FN:7,(anonymous_7)
FN:18,(anonymous_8)
FN:30,(anonymous_10)
FN:42,(anonymous_12)
FN:42,(anonymous_13)
FN:60,(anonymous_14)
FN:72,(anonymous_16)
FN:84,(anonymous_18)
FN:106,(anonymous_20)
FN:127,(anonymous_22)
FN:128,(anonymous_23)
FN:131,(anonymous_24)
FN:137,(anonymous_25)
FN:138,(anonymous_26)
FN:148,(anonymous_27)
FN:162,(anonymous_29)
FN:176,(anonymous_31)
FN:176,(anonymous_32)
FNF:18
FNH:0
FNDA:0,(anonymous_7)
FNDA:0,(anonymous_8)
FNDA:0,(anonymous_10)
FNDA:0,(anonymous_12)
FNDA:0,(anonymous_13)
FNDA:0,(anonymous_14)
FNDA:0,(anonymous_16)
FNDA:0,(anonymous_18)
FNDA:0,(anonymous_20)
FNDA:0,(anonymous_22)
FNDA:0,(anonymous_23)
FNDA:0,(anonymous_24)
FNDA:0,(anonymous_25)
FNDA:0,(anonymous_26)
FNDA:0,(anonymous_27)
FNDA:0,(anonymous_29)
FNDA:0,(anonymous_31)
FNDA:0,(anonymous_32)
DA:1,0
DA:2,0
DA:4,0
DA:8,0
DA:9,0
DA:12,0
DA:19,0
DA:20,0
DA:21,0
DA:23,0
DA:31,0
DA:32,0
DA:33,0
DA:35,0
DA:42,0
DA:43,0
DA:44,0
DA:48,0
DA:53,0
DA:61,0
DA:62,0
DA:63,0
DA:65,0
DA:73,0
DA:74,0
DA:75,0
DA:77,0
DA:85,0
DA:86,0
DA:97,0
DA:99,0
DA:107,0
DA:108,0
DA:118,0
DA:120,0
DA:128,0
DA:129,0
DA:131,0
DA:132,0
DA:134,0
DA:138,0
DA:139,0
DA:141,0
DA:149,0
DA:150,0
DA:153,0
DA:155,0
DA:163,0
DA:164,0
DA:167,0
DA:169,0
DA:176,0
DA:177,0
DA:179,0
DA:184,0
DA:189,0
DA:199,0
DA:207,0
LF:58
LH:0
BRDA:8,0,0,0
BRDA:8,1,0,0
BRDA:8,1,1,0
BRDA:25,2,0,0
BRDA:25,2,1,0
BRDA:37,3,0,0
BRDA:37,3,1,0
BRDA:42,4,0,0
BRDA:55,5,0,0
BRDA:55,5,1,0
BRDA:67,6,0,0
BRDA:67,6,1,0
BRDA:79,7,0,0
BRDA:79,7,1,0
BRDA:91,8,0,0
BRDA:91,8,1,0
BRDA:101,9,0,0
BRDA:101,9,1,0
BRDA:112,10,0,0
BRDA:112,10,1,0
BRDA:122,11,0,0
BRDA:122,11,1,0
BRDA:129,12,0,0
BRDA:132,13,0,0
BRDA:139,14,0,0
BRDA:142,15,0,0
BRDA:142,15,1,0
BRDA:142,16,0,0
BRDA:142,16,1,0
BRDA:142,17,0,0
BRDA:142,17,1,0
BRDA:144,18,0,0
BRDA:144,18,1,0
BRDA:157,19,0,0
BRDA:157,19,1,0
BRDA:171,20,0,0
BRDA:171,20,1,0
BRDA:176,21,0,0
BRDA:201,22,0,0
BRDA:201,22,1,0
BRF:40
BRH:0
end_of_record
TN:
SF:service/utils/shared/Http.ts
FN:23,(anonymous_8)
FN:53,(anonymous_10)
FN:81,(anonymous_12)
FNF:3
FNH:0
FNDA:0,(anonymous_8)
FNDA:0,(anonymous_10)
FNDA:0,(anonymous_12)
DA:1,0
DA:2,0
DA:9,0
DA:16,0
DA:24,0
DA:25,0
DA:32,0
DA:38,0
DA:39,0
DA:54,0
DA:55,0
DA:61,0
DA:67,0
DA:82,0
DA:83,0
DA:90,0
DA:96,0
DA:109,0
LF:18
LH:0
BRF:0
BRH:0
end_of_record
